

================================================================
== Vitis HLS Report for 'axi_encrypt'
================================================================
* Date:           Tue May 28 19:29:21 2024

* Version:        2023.2 (Build 4023990 on Oct 11 2023)
* Project:        EsperimentiVitisHLS
* Solution:       solution1 (Vivado IP Flow Target)
* Product family: zynq
* Target device:  xc7z010-clg400-1


================================================================
== Performance Estimates
================================================================
+ Timing: 
    * Summary: 
    +--------+----------+----------+------------+
    |  Clock |  Target  | Estimated| Uncertainty|
    +--------+----------+----------+------------+
    |ap_clk  |  10.00 ns|  8.008 ns|     2.70 ns|
    +--------+----------+----------+------------+

+ Latency: 
    * Summary: 
    +---------+---------+----------+----------+-----+-----+---------+
    |  Latency (cycles) |  Latency (absolute) |  Interval | Pipeline|
    |   min   |   max   |    min   |    max   | min | max |   Type  |
    +---------+---------+----------+----------+-----+-----+---------+
    |      150|      206|  1.500 us|  2.060 us|  151|  207|       no|
    +---------+---------+----------+----------+-----+-----+---------+

    + Detail: 
        * Instance: 
        +-----------------------------------------+-----------------------+---------+---------+-----------+-----------+-----+-----+---------+
        |                                         |                       |  Latency (cycles) |   Latency (absolute)  |  Interval | Pipeline|
        |                 Instance                |         Module        |   min   |   max   |    min    |    max    | min | max |   Type  |
        +-----------------------------------------+-----------------------+---------+---------+-----------+-----------+-----+-----+---------+
        |grp_u64_to_u8_array_fu_222               |u64_to_u8_array        |        1|        1|  10.000 ns|  10.000 ns|    2|    2|      yes|
        |grp_u64_to_u8_array_clone_fu_236         |u64_to_u8_array_clone  |        0|        0|       0 ns|       0 ns|    1|    1|      yes|
        |call_ret43_u64_to_u8_array_clone_fu_275  |u64_to_u8_array_clone  |        0|        0|       0 ns|       0 ns|    1|    1|      yes|
        |call_ret44_u64_to_u8_array_clone_fu_298  |u64_to_u8_array_clone  |        0|        0|       0 ns|       0 ns|    1|    1|      yes|
        |call_ret45_u64_to_u8_array_clone_fu_337  |u64_to_u8_array_clone  |        0|        0|       0 ns|       0 ns|    1|    1|      yes|
        |call_ret46_u64_to_u8_array_clone_fu_360  |u64_to_u8_array_clone  |        0|        0|       0 ns|       0 ns|    1|    1|      yes|
        |call_ret47_u64_to_u8_array_clone_fu_399  |u64_to_u8_array_clone  |        0|        0|       0 ns|       0 ns|    1|    1|      yes|
        |call_ret48_u64_to_u8_array_clone_fu_422  |u64_to_u8_array_clone  |        0|        0|       0 ns|       0 ns|    1|    1|      yes|
        |grp_crypto_aead_encrypt_fu_462           |crypto_aead_encrypt    |      126|      182|   1.260 us|   1.820 us|  126|  182|       no|
        +-----------------------------------------+-----------------------+---------+---------+-----------+-----------+-----+-----+---------+

        * Loop: 
        N/A



================================================================
== Utilization Estimates
================================================================
* Summary: 
+-----------------+---------+----+-------+-------+-----+
|       Name      | BRAM_18K| DSP|   FF  |  LUT  | URAM|
+-----------------+---------+----+-------+-------+-----+
|DSP              |        -|   -|      -|      -|    -|
|Expression       |        -|   -|      -|      -|    -|
|FIFO             |        -|   -|      -|      -|    -|
|Instance         |        8|   -|   3465|  14351|    -|
|Memory           |        0|   -|     32|      4|    0|
|Multiplexer      |        -|   -|      -|    621|    -|
|Register         |        -|   -|   1609|      -|    -|
+-----------------+---------+----+-------+-------+-----+
|Total            |        8|   0|   5106|  14976|    0|
+-----------------+---------+----+-------+-------+-----+
|Available        |      120|  80|  35200|  17600|    0|
+-----------------+---------+----+-------+-------+-----+
|Utilization (%)  |        6|   0|     14|     85|    0|
+-----------------+---------+----+-------+-------+-----+

+ Detail: 
    * Instance: 
    +-----------------------------------------+-----------------------+---------+----+------+------+-----+
    |                 Instance                |         Module        | BRAM_18K| DSP|  FF  |  LUT | URAM|
    +-----------------------------------------+-----------------------+---------+----+------+------+-----+
    |control_s_axi_U                          |control_s_axi          |        0|   0|   488|   872|    0|
    |grp_crypto_aead_encrypt_fu_462           |crypto_aead_encrypt    |        0|   0|  2009|  6694|    0|
    |gmem_m_axi_U                             |gmem_m_axi             |        8|   0|   884|   920|    0|
    |grp_u64_to_u8_array_fu_222               |u64_to_u8_array        |        0|   0|    84|   489|    0|
    |grp_u64_to_u8_array_clone_fu_236         |u64_to_u8_array_clone  |        0|   0|     0|   768|    0|
    |call_ret43_u64_to_u8_array_clone_fu_275  |u64_to_u8_array_clone  |        0|   0|     0|   768|    0|
    |call_ret44_u64_to_u8_array_clone_fu_298  |u64_to_u8_array_clone  |        0|   0|     0|   768|    0|
    |call_ret45_u64_to_u8_array_clone_fu_337  |u64_to_u8_array_clone  |        0|   0|     0|   768|    0|
    |call_ret46_u64_to_u8_array_clone_fu_360  |u64_to_u8_array_clone  |        0|   0|     0|   768|    0|
    |call_ret47_u64_to_u8_array_clone_fu_399  |u64_to_u8_array_clone  |        0|   0|     0|   768|    0|
    |call_ret48_u64_to_u8_array_clone_fu_422  |u64_to_u8_array_clone  |        0|   0|     0|   768|    0|
    +-----------------------------------------+-----------------------+---------+----+------+------+-----+
    |Total                                    |                       |        8|   0|  3465| 14351|    0|
    +-----------------------------------------+-----------------------+---------+----+------+------+-----+

    * DSP: 
    N/A

    * Memory: 
    +----------+--------------------+---------+---+----+-----+------+-----+------+-------------+
    |  Memory  |       Module       | BRAM_18K| FF| LUT| URAM| Words| Bits| Banks| W*Bits*Banks|
    +----------+--------------------+---------+---+----+-----+------+-----+------+-------------+
    |c_u8_U    |c_u8_RAM_AUTO_0R0W  |        0|  8|   1|    0|     8|    8|     1|           64|
    |c_u8_1_U  |c_u8_RAM_AUTO_0R0W  |        0|  8|   1|    0|     8|    8|     1|           64|
    |c_u8_2_U  |c_u8_RAM_AUTO_0R0W  |        0|  8|   1|    0|     8|    8|     1|           64|
    |c_u8_3_U  |c_u8_RAM_AUTO_0R0W  |        0|  8|   1|    0|     8|    8|     1|           64|
    +----------+--------------------+---------+---+----+-----+------+-----+------+-------------+
    |Total     |                    |        0| 32|   4|    0|    32|   32|     4|          256|
    +----------+--------------------+---------+---+----+-----+------+-----+------+-------------+

    * FIFO: 
    N/A

    * Expression: 
    N/A

    * Multiplexer: 
    +-------------------------------------------+-----+-----------+-----+-----------+
    |                    Name                   | LUT | Input Size| Bits| Total Bits|
    +-------------------------------------------+-----+-----------+-----+-----------+
    |ap_NS_fsm                                  |  117|         26|    1|         26|
    |c_u8_1_address0                            |   14|          3|    3|          9|
    |c_u8_1_ce0                                 |   14|          3|    1|          3|
    |c_u8_1_d0                                  |   14|          3|    8|         24|
    |c_u8_1_we0                                 |   14|          3|    1|          3|
    |c_u8_2_address0                            |   14|          3|    3|          9|
    |c_u8_2_ce0                                 |   14|          3|    1|          3|
    |c_u8_2_d0                                  |   14|          3|    8|         24|
    |c_u8_2_we0                                 |   14|          3|    1|          3|
    |c_u8_3_address0                            |   14|          3|    3|          9|
    |c_u8_3_ce0                                 |   14|          3|    1|          3|
    |c_u8_3_d0                                  |   14|          3|    8|         24|
    |c_u8_3_we0                                 |   14|          3|    1|          3|
    |c_u8_address0                              |   14|          3|    3|          9|
    |c_u8_ce0                                   |   14|          3|    1|          3|
    |c_u8_d0                                    |   14|          3|    8|         24|
    |c_u8_we0                                   |   14|          3|    1|          3|
    |gmem_ARADDR                                |   37|          7|   64|        448|
    |gmem_ARLEN                                 |   14|          3|   32|         96|
    |gmem_blk_n_AR                              |    9|          2|    1|          2|
    |gmem_blk_n_R                               |    9|          2|    1|          2|
    |grp_u64_to_u8_array_clone_fu_236_a         |   14|          3|   64|        192|
    |grp_u64_to_u8_array_clone_fu_236_idx       |   14|          3|    4|         12|
    |grp_u64_to_u8_array_clone_fu_236_p_read    |    9|          2|    8|         16|
    |grp_u64_to_u8_array_clone_fu_236_p_read1   |    9|          2|    8|         16|
    |grp_u64_to_u8_array_clone_fu_236_p_read10  |    9|          2|    8|         16|
    |grp_u64_to_u8_array_clone_fu_236_p_read11  |    9|          2|    8|         16|
    |grp_u64_to_u8_array_clone_fu_236_p_read12  |    9|          2|    8|         16|
    |grp_u64_to_u8_array_clone_fu_236_p_read13  |    9|          2|    8|         16|
    |grp_u64_to_u8_array_clone_fu_236_p_read14  |    9|          2|    8|         16|
    |grp_u64_to_u8_array_clone_fu_236_p_read15  |    9|          2|    8|         16|
    |grp_u64_to_u8_array_clone_fu_236_p_read2   |    9|          2|    8|         16|
    |grp_u64_to_u8_array_clone_fu_236_p_read3   |    9|          2|    8|         16|
    |grp_u64_to_u8_array_clone_fu_236_p_read4   |    9|          2|    8|         16|
    |grp_u64_to_u8_array_clone_fu_236_p_read5   |    9|          2|    8|         16|
    |grp_u64_to_u8_array_clone_fu_236_p_read6   |    9|          2|    8|         16|
    |grp_u64_to_u8_array_clone_fu_236_p_read7   |    9|          2|    8|         16|
    |grp_u64_to_u8_array_clone_fu_236_p_read8   |    9|          2|    8|         16|
    |grp_u64_to_u8_array_clone_fu_236_p_read9   |    9|          2|    8|         16|
    |grp_u64_to_u8_array_fu_222_a               |   14|          3|   64|        192|
    |grp_u64_to_u8_array_fu_222_idx             |   25|          5|    5|         25|
    +-------------------------------------------+-----+-----------+-----+-----------+
    |Total                                      |  621|        134|  416|       1407|
    +-------------------------------------------+-----+-----------+-----+-----------+

    * Register: 
    +---------------------------------------------+----+----+-----+-----------+
    |                     Name                    | FF | LUT| Bits| Const Bits|
    +---------------------------------------------+----+----+-----+-----------+
    |ad_u8_16_reg_1358                            |   8|   0|    8|          0|
    |ad_u8_17_reg_1363                            |   8|   0|    8|          0|
    |ad_u8_18_reg_1368                            |   8|   0|    8|          0|
    |ad_u8_19_reg_1373                            |   8|   0|    8|          0|
    |ad_u8_20_reg_1378                            |   8|   0|    8|          0|
    |ad_u8_21_reg_1383                            |   8|   0|    8|          0|
    |ad_u8_22_reg_1388                            |   8|   0|    8|          0|
    |ad_u8_23_reg_1393                            |   8|   0|    8|          0|
    |ad_u8_24_reg_1398                            |   8|   0|    8|          0|
    |ad_u8_25_reg_1403                            |   8|   0|    8|          0|
    |ad_u8_26_reg_1408                            |   8|   0|    8|          0|
    |ad_u8_27_reg_1413                            |   8|   0|    8|          0|
    |ad_u8_28_reg_1418                            |   8|   0|    8|          0|
    |ad_u8_29_reg_1423                            |   8|   0|    8|          0|
    |ad_u8_30_reg_1428                            |   8|   0|    8|          0|
    |ad_u8_31_reg_1433                            |   8|   0|    8|          0|
    |ap_CS_fsm                                    |  25|   0|   25|          0|
    |gmem_addr_1_read_1_reg_1253                  |  64|   0|   64|          0|
    |gmem_addr_1_read_reg_1248                    |  64|   0|   64|          0|
    |gmem_addr_2_read_1_reg_1263                  |  64|   0|   64|          0|
    |gmem_addr_2_read_reg_1258                    |  64|   0|   64|          0|
    |gmem_addr_4_read_1_reg_1273                  |  64|   0|   64|          0|
    |gmem_addr_4_read_reg_1268                    |  64|   0|   64|          0|
    |gmem_addr_read_2_reg_1243                    |  64|   0|   64|          0|
    |grp_crypto_aead_encrypt_fu_462_ap_start_reg  |   1|   0|    1|          0|
    |grp_u64_to_u8_array_fu_222_ap_start_reg      |   1|   0|    1|          0|
    |k_u8_10_reg_1568                             |   8|   0|    8|          0|
    |k_u8_11_reg_1573                             |   8|   0|    8|          0|
    |k_u8_12_reg_1578                             |   8|   0|    8|          0|
    |k_u8_13_reg_1583                             |   8|   0|    8|          0|
    |k_u8_14_reg_1588                             |   8|   0|    8|          0|
    |k_u8_15_reg_1593                             |   8|   0|    8|          0|
    |k_u8_16_reg_1598                             |   8|   0|    8|          0|
    |k_u8_17_reg_1603                             |   8|   0|    8|          0|
    |k_u8_18_reg_1608                             |   8|   0|    8|          0|
    |k_u8_19_reg_1613                             |   8|   0|    8|          0|
    |k_u8_1_reg_1523                              |   8|   0|    8|          0|
    |k_u8_20_reg_1618                             |   8|   0|    8|          0|
    |k_u8_21_reg_1623                             |   8|   0|    8|          0|
    |k_u8_22_reg_1628                             |   8|   0|    8|          0|
    |k_u8_23_reg_1633                             |   8|   0|    8|          0|
    |k_u8_24_reg_1638                             |   8|   0|    8|          0|
    |k_u8_25_reg_1643                             |   8|   0|    8|          0|
    |k_u8_26_reg_1648                             |   8|   0|    8|          0|
    |k_u8_27_reg_1653                             |   8|   0|    8|          0|
    |k_u8_28_reg_1658                             |   8|   0|    8|          0|
    |k_u8_29_reg_1663                             |   8|   0|    8|          0|
    |k_u8_2_reg_1528                              |   8|   0|    8|          0|
    |k_u8_30_reg_1668                             |   8|   0|    8|          0|
    |k_u8_31_reg_1673                             |   8|   0|    8|          0|
    |k_u8_3_reg_1533                              |   8|   0|    8|          0|
    |k_u8_4_reg_1538                              |   8|   0|    8|          0|
    |k_u8_5_reg_1543                              |   8|   0|    8|          0|
    |k_u8_6_reg_1548                              |   8|   0|    8|          0|
    |k_u8_7_reg_1553                              |   8|   0|    8|          0|
    |k_u8_8_reg_1558                              |   8|   0|    8|          0|
    |k_u8_9_reg_1563                              |   8|   0|    8|          0|
    |k_u8_reg_1518                                |   8|   0|    8|          0|
    |m_u8_16_reg_1278                             |   8|   0|    8|          0|
    |m_u8_17_reg_1283                             |   8|   0|    8|          0|
    |m_u8_18_reg_1288                             |   8|   0|    8|          0|
    |m_u8_19_reg_1293                             |   8|   0|    8|          0|
    |m_u8_20_reg_1298                             |   8|   0|    8|          0|
    |m_u8_21_reg_1303                             |   8|   0|    8|          0|
    |m_u8_22_reg_1308                             |   8|   0|    8|          0|
    |m_u8_23_reg_1313                             |   8|   0|    8|          0|
    |m_u8_24_reg_1318                             |   8|   0|    8|          0|
    |m_u8_25_reg_1323                             |   8|   0|    8|          0|
    |m_u8_26_reg_1328                             |   8|   0|    8|          0|
    |m_u8_27_reg_1333                             |   8|   0|    8|          0|
    |m_u8_28_reg_1338                             |   8|   0|    8|          0|
    |m_u8_29_reg_1343                             |   8|   0|    8|          0|
    |m_u8_30_reg_1348                             |   8|   0|    8|          0|
    |m_u8_31_reg_1353                             |   8|   0|    8|          0|
    |npub_u8_16_reg_1438                          |   8|   0|    8|          0|
    |npub_u8_17_reg_1443                          |   8|   0|    8|          0|
    |npub_u8_18_reg_1448                          |   8|   0|    8|          0|
    |npub_u8_19_reg_1453                          |   8|   0|    8|          0|
    |npub_u8_20_reg_1458                          |   8|   0|    8|          0|
    |npub_u8_21_reg_1463                          |   8|   0|    8|          0|
    |npub_u8_22_reg_1468                          |   8|   0|    8|          0|
    |npub_u8_23_reg_1473                          |   8|   0|    8|          0|
    |npub_u8_24_reg_1478                          |   8|   0|    8|          0|
    |npub_u8_25_reg_1483                          |   8|   0|    8|          0|
    |npub_u8_26_reg_1488                          |   8|   0|    8|          0|
    |npub_u8_27_reg_1493                          |   8|   0|    8|          0|
    |npub_u8_28_reg_1498                          |   8|   0|    8|          0|
    |npub_u8_29_reg_1503                          |   8|   0|    8|          0|
    |npub_u8_30_reg_1508                          |   8|   0|    8|          0|
    |npub_u8_31_reg_1513                          |   8|   0|    8|          0|
    |reg_630                                      |  64|   0|   64|          0|
    |reg_635                                      |  64|   0|   64|          0|
    |trunc_ln2_reg_1182                           |  61|   0|   61|          0|
    |trunc_ln3_reg_1187                           |  61|   0|   61|          0|
    |trunc_ln4_reg_1192                           |  61|   0|   61|          0|
    |trunc_ln5_reg_1197                           |  61|   0|   61|          0|
    |trunc_ln6_reg_1202                           |  61|   0|   61|          0|
    |trunc_ln_reg_1177                            |  61|   0|   61|          0|
    +---------------------------------------------+----+----+-----+-----------+
    |Total                                        |1609|   0| 1609|          0|
    +---------------------------------------------+----+----+-----+-----------+



================================================================
== Interface
================================================================
* Summary: 
+-----------------------+-----+-----+------------+--------------+--------------+
|       RTL Ports       | Dir | Bits|  Protocol  | Source Object|    C Type    |
+-----------------------+-----+-----+------------+--------------+--------------+
|s_axi_control_AWVALID  |   in|    1|       s_axi|       control|        scalar|
|s_axi_control_AWREADY  |  out|    1|       s_axi|       control|        scalar|
|s_axi_control_AWADDR   |   in|    7|       s_axi|       control|        scalar|
|s_axi_control_WVALID   |   in|    1|       s_axi|       control|        scalar|
|s_axi_control_WREADY   |  out|    1|       s_axi|       control|        scalar|
|s_axi_control_WDATA    |   in|   32|       s_axi|       control|        scalar|
|s_axi_control_WSTRB    |   in|    4|       s_axi|       control|        scalar|
|s_axi_control_ARVALID  |   in|    1|       s_axi|       control|        scalar|
|s_axi_control_ARREADY  |  out|    1|       s_axi|       control|        scalar|
|s_axi_control_ARADDR   |   in|    7|       s_axi|       control|        scalar|
|s_axi_control_RVALID   |  out|    1|       s_axi|       control|        scalar|
|s_axi_control_RREADY   |   in|    1|       s_axi|       control|        scalar|
|s_axi_control_RDATA    |  out|   32|       s_axi|       control|        scalar|
|s_axi_control_RRESP    |  out|    2|       s_axi|       control|        scalar|
|s_axi_control_BVALID   |  out|    1|       s_axi|       control|        scalar|
|s_axi_control_BREADY   |   in|    1|       s_axi|       control|        scalar|
|s_axi_control_BRESP    |  out|    2|       s_axi|       control|        scalar|
|ap_clk                 |   in|    1|  ap_ctrl_hs|   axi_encrypt|  return value|
|ap_rst_n               |   in|    1|  ap_ctrl_hs|   axi_encrypt|  return value|
|interrupt              |  out|    1|  ap_ctrl_hs|   axi_encrypt|  return value|
|m_axi_gmem_AWVALID     |  out|    1|       m_axi|          gmem|       pointer|
|m_axi_gmem_AWREADY     |   in|    1|       m_axi|          gmem|       pointer|
|m_axi_gmem_AWADDR      |  out|   64|       m_axi|          gmem|       pointer|
|m_axi_gmem_AWID        |  out|    1|       m_axi|          gmem|       pointer|
|m_axi_gmem_AWLEN       |  out|    8|       m_axi|          gmem|       pointer|
|m_axi_gmem_AWSIZE      |  out|    3|       m_axi|          gmem|       pointer|
|m_axi_gmem_AWBURST     |  out|    2|       m_axi|          gmem|       pointer|
|m_axi_gmem_AWLOCK      |  out|    2|       m_axi|          gmem|       pointer|
|m_axi_gmem_AWCACHE     |  out|    4|       m_axi|          gmem|       pointer|
|m_axi_gmem_AWPROT      |  out|    3|       m_axi|          gmem|       pointer|
|m_axi_gmem_AWQOS       |  out|    4|       m_axi|          gmem|       pointer|
|m_axi_gmem_AWREGION    |  out|    4|       m_axi|          gmem|       pointer|
|m_axi_gmem_AWUSER      |  out|    1|       m_axi|          gmem|       pointer|
|m_axi_gmem_WVALID      |  out|    1|       m_axi|          gmem|       pointer|
|m_axi_gmem_WREADY      |   in|    1|       m_axi|          gmem|       pointer|
|m_axi_gmem_WDATA       |  out|   64|       m_axi|          gmem|       pointer|
|m_axi_gmem_WSTRB       |  out|    8|       m_axi|          gmem|       pointer|
|m_axi_gmem_WLAST       |  out|    1|       m_axi|          gmem|       pointer|
|m_axi_gmem_WID         |  out|    1|       m_axi|          gmem|       pointer|
|m_axi_gmem_WUSER       |  out|    1|       m_axi|          gmem|       pointer|
|m_axi_gmem_ARVALID     |  out|    1|       m_axi|          gmem|       pointer|
|m_axi_gmem_ARREADY     |   in|    1|       m_axi|          gmem|       pointer|
|m_axi_gmem_ARADDR      |  out|   64|       m_axi|          gmem|       pointer|
|m_axi_gmem_ARID        |  out|    1|       m_axi|          gmem|       pointer|
|m_axi_gmem_ARLEN       |  out|    8|       m_axi|          gmem|       pointer|
|m_axi_gmem_ARSIZE      |  out|    3|       m_axi|          gmem|       pointer|
|m_axi_gmem_ARBURST     |  out|    2|       m_axi|          gmem|       pointer|
|m_axi_gmem_ARLOCK      |  out|    2|       m_axi|          gmem|       pointer|
|m_axi_gmem_ARCACHE     |  out|    4|       m_axi|          gmem|       pointer|
|m_axi_gmem_ARPROT      |  out|    3|       m_axi|          gmem|       pointer|
|m_axi_gmem_ARQOS       |  out|    4|       m_axi|          gmem|       pointer|
|m_axi_gmem_ARREGION    |  out|    4|       m_axi|          gmem|       pointer|
|m_axi_gmem_ARUSER      |  out|    1|       m_axi|          gmem|       pointer|
|m_axi_gmem_RVALID      |   in|    1|       m_axi|          gmem|       pointer|
|m_axi_gmem_RREADY      |  out|    1|       m_axi|          gmem|       pointer|
|m_axi_gmem_RDATA       |   in|   64|       m_axi|          gmem|       pointer|
|m_axi_gmem_RLAST       |   in|    1|       m_axi|          gmem|       pointer|
|m_axi_gmem_RID         |   in|    1|       m_axi|          gmem|       pointer|
|m_axi_gmem_RUSER       |   in|    1|       m_axi|          gmem|       pointer|
|m_axi_gmem_RRESP       |   in|    2|       m_axi|          gmem|       pointer|
|m_axi_gmem_BVALID      |   in|    1|       m_axi|          gmem|       pointer|
|m_axi_gmem_BREADY      |  out|    1|       m_axi|          gmem|       pointer|
|m_axi_gmem_BRESP       |   in|    2|       m_axi|          gmem|       pointer|
|m_axi_gmem_BID         |   in|    1|       m_axi|          gmem|       pointer|
|m_axi_gmem_BUSER       |   in|    1|       m_axi|          gmem|       pointer|
+-----------------------+-----+-----+------------+--------------+--------------+

