C:\Users\lguer\AppData\Roaming\Xilinx\Vitis\AsconOptimizedHLS\EsperimentiVitisHLS\Temp\solution1\.autopilot\db\aead.pp.0.c:447:3: warning: Added loop label VITIS_LOOP_40_1:   [xilinx-label-all-loops]
  do { } while (0);
  ^~
  VITIS_LOOP_40_1: 
C:\Users\lguer\AppData\Roaming\Xilinx\Vitis\AsconOptimizedHLS\EsperimentiVitisHLS\Temp\solution1\.autopilot\db\aead.pp.0.c:447:3: note: FIX-IT applied suggested code changes
C:\Users\lguer\AppData\Roaming\Xilinx\Vitis\AsconOptimizedHLS\EsperimentiVitisHLS\Temp\solution1\.autopilot\db\aead.pp.0.c:659:2: warning: Added loop label VITIS_LOOP_22_1:   [xilinx-label-all-loops]
 for (i = 0; i < n; ++i) x |= ((uint64_t)(bytes[i]) << (56 - 8 * (i)));
 ^~~
 VITIS_LOOP_22_1: 
C:\Users\lguer\AppData\Roaming\Xilinx\Vitis\AsconOptimizedHLS\EsperimentiVitisHLS\Temp\solution1\.autopilot\db\aead.pp.0.c:659:2: note: FIX-IT applied suggested code changes
C:\Users\lguer\AppData\Roaming\Xilinx\Vitis\AsconOptimizedHLS\EsperimentiVitisHLS\Temp\solution1\.autopilot\db\aead.pp.0.c:666:2: warning: Added loop label VITIS_LOOP_29_1:   [xilinx-label-all-loops]
 for (i = 0; i < n; ++i) bytes[i] = ((uint8_t)((uint64_t)(x) >> (56 - 8 * (i))));
 ^~~
 VITIS_LOOP_29_1: 
C:\Users\lguer\AppData\Roaming\Xilinx\Vitis\AsconOptimizedHLS\EsperimentiVitisHLS\Temp\solution1\.autopilot\db\aead.pp.0.c:666:2: note: FIX-IT applied suggested code changes
C:\Users\lguer\AppData\Roaming\Xilinx\Vitis\AsconOptimizedHLS\EsperimentiVitisHLS\Temp\solution1\.autopilot\db\aead.pp.0.c:672:2: warning: Added loop label VITIS_LOOP_35_1:   [xilinx-label-all-loops]
 for (i = 0; i < n; ++i) x &= ~((uint64_t)(0xff) << (56 - 8 * (i)));
 ^~~
 VITIS_LOOP_35_1: 
C:\Users\lguer\AppData\Roaming\Xilinx\Vitis\AsconOptimizedHLS\EsperimentiVitisHLS\Temp\solution1\.autopilot\db\aead.pp.0.c:672:2: note: FIX-IT applied suggested code changes
C:\Users\lguer\AppData\Roaming\Xilinx\Vitis\AsconOptimizedHLS\EsperimentiVitisHLS\Temp\solution1\.autopilot\db\aead.pp.0.c:703:2: warning: Added loop label VITIS_LOOP_34_1:   [xilinx-label-all-loops]
 do { } while (0);
 ^~
 VITIS_LOOP_34_1: 
C:\Users\lguer\AppData\Roaming\Xilinx\Vitis\AsconOptimizedHLS\EsperimentiVitisHLS\Temp\solution1\.autopilot\db\aead.pp.0.c:703:2: note: FIX-IT applied suggested code changes
C:\Users\lguer\AppData\Roaming\Xilinx\Vitis\AsconOptimizedHLS\EsperimentiVitisHLS\Temp\solution1\.autopilot\db\aead.pp.0.c:707:2: warning: Added loop label VITIS_LOOP_38_2:   [xilinx-label-all-loops]
 do { } while (0);
 ^~
 VITIS_LOOP_38_2: 
C:\Users\lguer\AppData\Roaming\Xilinx\Vitis\AsconOptimizedHLS\EsperimentiVitisHLS\Temp\solution1\.autopilot\db\aead.pp.0.c:707:2: note: FIX-IT applied suggested code changes
C:\Users\lguer\AppData\Roaming\Xilinx\Vitis\AsconOptimizedHLS\EsperimentiVitisHLS\Temp\solution1\.autopilot\db\aead.pp.0.c:712:3: warning: Added loop label VITIS_LOOP_43_3:   [xilinx-label-all-loops]
  while (adlen >= 8) {
  ^~~~~
  VITIS_LOOP_43_3: 
C:\Users\lguer\AppData\Roaming\Xilinx\Vitis\AsconOptimizedHLS\EsperimentiVitisHLS\Temp\solution1\.autopilot\db\aead.pp.0.c:712:3: note: FIX-IT applied suggested code changes
C:\Users\lguer\AppData\Roaming\Xilinx\Vitis\AsconOptimizedHLS\EsperimentiVitisHLS\Temp\solution1\.autopilot\db\aead.pp.0.c:714:4: warning: Added loop label VITIS_LOOP_45_4:   [xilinx-label-all-loops]
   do { } while (0);
   ^~
   VITIS_LOOP_45_4: 
C:\Users\lguer\AppData\Roaming\Xilinx\Vitis\AsconOptimizedHLS\EsperimentiVitisHLS\Temp\solution1\.autopilot\db\aead.pp.0.c:714:4: note: FIX-IT applied suggested code changes
C:\Users\lguer\AppData\Roaming\Xilinx\Vitis\AsconOptimizedHLS\EsperimentiVitisHLS\Temp\solution1\.autopilot\db\aead.pp.0.c:722:3: warning: Added loop label VITIS_LOOP_53_5:   [xilinx-label-all-loops]
  do { } while (0);
  ^~
  VITIS_LOOP_53_5: 
C:\Users\lguer\AppData\Roaming\Xilinx\Vitis\AsconOptimizedHLS\EsperimentiVitisHLS\Temp\solution1\.autopilot\db\aead.pp.0.c:722:3: note: FIX-IT applied suggested code changes
C:\Users\lguer\AppData\Roaming\Xilinx\Vitis\AsconOptimizedHLS\EsperimentiVitisHLS\Temp\solution1\.autopilot\db\aead.pp.0.c:727:2: warning: Added loop label VITIS_LOOP_58_6:   [xilinx-label-all-loops]
 do { } while (0);
 ^~
 VITIS_LOOP_58_6: 
C:\Users\lguer\AppData\Roaming\Xilinx\Vitis\AsconOptimizedHLS\EsperimentiVitisHLS\Temp\solution1\.autopilot\db\aead.pp.0.c:727:2: note: FIX-IT applied suggested code changes
C:\Users\lguer\AppData\Roaming\Xilinx\Vitis\AsconOptimizedHLS\EsperimentiVitisHLS\Temp\solution1\.autopilot\db\aead.pp.0.c:733:2: warning: Added loop label VITIS_LOOP_64_7:   [xilinx-label-all-loops]
 while (mlen >= 8) {
 ^~~~~
 VITIS_LOOP_64_7: 
C:\Users\lguer\AppData\Roaming\Xilinx\Vitis\AsconOptimizedHLS\EsperimentiVitisHLS\Temp\solution1\.autopilot\db\aead.pp.0.c:733:2: note: FIX-IT applied suggested code changes
C:\Users\lguer\AppData\Roaming\Xilinx\Vitis\AsconOptimizedHLS\EsperimentiVitisHLS\Temp\solution1\.autopilot\db\aead.pp.0.c:736:3: warning: Added loop label VITIS_LOOP_67_8:   [xilinx-label-all-loops]
  do { } while (0);
  ^~
  VITIS_LOOP_67_8: 
C:\Users\lguer\AppData\Roaming\Xilinx\Vitis\AsconOptimizedHLS\EsperimentiVitisHLS\Temp\solution1\.autopilot\db\aead.pp.0.c:736:3: note: FIX-IT applied suggested code changes
C:\Users\lguer\AppData\Roaming\Xilinx\Vitis\AsconOptimizedHLS\EsperimentiVitisHLS\Temp\solution1\.autopilot\db\aead.pp.0.c:749:2: warning: Added loop label VITIS_LOOP_80_9:   [xilinx-label-all-loops]
 do { } while (0);
 ^~
 VITIS_LOOP_80_9: 
C:\Users\lguer\AppData\Roaming\Xilinx\Vitis\AsconOptimizedHLS\EsperimentiVitisHLS\Temp\solution1\.autopilot\db\aead.pp.0.c:749:2: note: FIX-IT applied suggested code changes
C:\Users\lguer\AppData\Roaming\Xilinx\Vitis\AsconOptimizedHLS\EsperimentiVitisHLS\Temp\solution1\.autopilot\db\aead.pp.0.c:754:2: warning: Added loop label VITIS_LOOP_85_10:   [xilinx-label-all-loops]
 do { } while (0);
 ^~
 VITIS_LOOP_85_10: 
C:\Users\lguer\AppData\Roaming\Xilinx\Vitis\AsconOptimizedHLS\EsperimentiVitisHLS\Temp\solution1\.autopilot\db\aead.pp.0.c:754:2: note: FIX-IT applied suggested code changes
C:\Users\lguer\AppData\Roaming\Xilinx\Vitis\AsconOptimizedHLS\EsperimentiVitisHLS\Temp\solution1\.autopilot\db\aead.pp.0.c:758:2: warning: Added loop label VITIS_LOOP_89_11:   [xilinx-label-all-loops]
 do { } while (0);
 ^~
 VITIS_LOOP_89_11: 
C:\Users\lguer\AppData\Roaming\Xilinx\Vitis\AsconOptimizedHLS\EsperimentiVitisHLS\Temp\solution1\.autopilot\db\aead.pp.0.c:758:2: note: FIX-IT applied suggested code changes
C:\Users\lguer\AppData\Roaming\Xilinx\Vitis\AsconOptimizedHLS\EsperimentiVitisHLS\Temp\solution1\.autopilot\db\aead.pp.0.c:794:3: warning: Added loop label VITIS_LOOP_125_1:   [xilinx-label-all-loops]
  do { } while (0);
  ^~
  VITIS_LOOP_125_1: 
C:\Users\lguer\AppData\Roaming\Xilinx\Vitis\AsconOptimizedHLS\EsperimentiVitisHLS\Temp\solution1\.autopilot\db\aead.pp.0.c:794:3: note: FIX-IT applied suggested code changes
C:\Users\lguer\AppData\Roaming\Xilinx\Vitis\AsconOptimizedHLS\EsperimentiVitisHLS\Temp\solution1\.autopilot\db\aead.pp.0.c:798:3: warning: Added loop label VITIS_LOOP_129_2:   [xilinx-label-all-loops]
  do { } while (0);
  ^~
  VITIS_LOOP_129_2: 
C:\Users\lguer\AppData\Roaming\Xilinx\Vitis\AsconOptimizedHLS\EsperimentiVitisHLS\Temp\solution1\.autopilot\db\aead.pp.0.c:798:3: note: FIX-IT applied suggested code changes
C:\Users\lguer\AppData\Roaming\Xilinx\Vitis\AsconOptimizedHLS\EsperimentiVitisHLS\Temp\solution1\.autopilot\db\aead.pp.0.c:804:5: warning: Added loop label VITIS_LOOP_135_3:   [xilinx-label-all-loops]
    while (adlen >= 8) {
    ^~~~~
    VITIS_LOOP_135_3: 
C:\Users\lguer\AppData\Roaming\Xilinx\Vitis\AsconOptimizedHLS\EsperimentiVitisHLS\Temp\solution1\.autopilot\db\aead.pp.0.c:804:5: note: FIX-IT applied suggested code changes
C:\Users\lguer\AppData\Roaming\Xilinx\Vitis\AsconOptimizedHLS\EsperimentiVitisHLS\Temp\solution1\.autopilot\db\aead.pp.0.c:806:7: warning: Added loop label VITIS_LOOP_137_4:   [xilinx-label-all-loops]
      do { } while (0);
      ^~
      VITIS_LOOP_137_4: 
C:\Users\lguer\AppData\Roaming\Xilinx\Vitis\AsconOptimizedHLS\EsperimentiVitisHLS\Temp\solution1\.autopilot\db\aead.pp.0.c:806:7: note: FIX-IT applied suggested code changes
C:\Users\lguer\AppData\Roaming\Xilinx\Vitis\AsconOptimizedHLS\EsperimentiVitisHLS\Temp\solution1\.autopilot\db\aead.pp.0.c:814:5: warning: Added loop label VITIS_LOOP_145_5:   [xilinx-label-all-loops]
    do { } while (0);
    ^~
    VITIS_LOOP_145_5: 
C:\Users\lguer\AppData\Roaming\Xilinx\Vitis\AsconOptimizedHLS\EsperimentiVitisHLS\Temp\solution1\.autopilot\db\aead.pp.0.c:814:5: note: FIX-IT applied suggested code changes
C:\Users\lguer\AppData\Roaming\Xilinx\Vitis\AsconOptimizedHLS\EsperimentiVitisHLS\Temp\solution1\.autopilot\db\aead.pp.0.c:819:3: warning: Added loop label VITIS_LOOP_150_6:   [xilinx-label-all-loops]
  do { } while (0);
  ^~
  VITIS_LOOP_150_6: 
C:\Users\lguer\AppData\Roaming\Xilinx\Vitis\AsconOptimizedHLS\EsperimentiVitisHLS\Temp\solution1\.autopilot\db\aead.pp.0.c:819:3: note: FIX-IT applied suggested code changes
C:\Users\lguer\AppData\Roaming\Xilinx\Vitis\AsconOptimizedHLS\EsperimentiVitisHLS\Temp\solution1\.autopilot\db\aead.pp.0.c:823:3: warning: Added loop label VITIS_LOOP_154_7:   [xilinx-label-all-loops]
  while (clen >= 8) {
  ^~~~~
  VITIS_LOOP_154_7: 
C:\Users\lguer\AppData\Roaming\Xilinx\Vitis\AsconOptimizedHLS\EsperimentiVitisHLS\Temp\solution1\.autopilot\db\aead.pp.0.c:823:3: note: FIX-IT applied suggested code changes
C:\Users\lguer\AppData\Roaming\Xilinx\Vitis\AsconOptimizedHLS\EsperimentiVitisHLS\Temp\solution1\.autopilot\db\aead.pp.0.c:827:5: warning: Added loop label VITIS_LOOP_158_8:   [xilinx-label-all-loops]
    do { } while (0);
    ^~
    VITIS_LOOP_158_8: 
C:\Users\lguer\AppData\Roaming\Xilinx\Vitis\AsconOptimizedHLS\EsperimentiVitisHLS\Temp\solution1\.autopilot\db\aead.pp.0.c:827:5: note: FIX-IT applied suggested code changes
C:\Users\lguer\AppData\Roaming\Xilinx\Vitis\AsconOptimizedHLS\EsperimentiVitisHLS\Temp\solution1\.autopilot\db\aead.pp.0.c:840:3: warning: Added loop label VITIS_LOOP_171_9:   [xilinx-label-all-loops]
  do { } while (0);
  ^~
  VITIS_LOOP_171_9: 
C:\Users\lguer\AppData\Roaming\Xilinx\Vitis\AsconOptimizedHLS\EsperimentiVitisHLS\Temp\solution1\.autopilot\db\aead.pp.0.c:840:3: note: FIX-IT applied suggested code changes
C:\Users\lguer\AppData\Roaming\Xilinx\Vitis\AsconOptimizedHLS\EsperimentiVitisHLS\Temp\solution1\.autopilot\db\aead.pp.0.c:845:3: warning: Added loop label VITIS_LOOP_176_10:   [xilinx-label-all-loops]
  do { } while (0);
  ^~
  VITIS_LOOP_176_10: 
C:\Users\lguer\AppData\Roaming\Xilinx\Vitis\AsconOptimizedHLS\EsperimentiVitisHLS\Temp\solution1\.autopilot\db\aead.pp.0.c:845:3: note: FIX-IT applied suggested code changes
C:\Users\lguer\AppData\Roaming\Xilinx\Vitis\AsconOptimizedHLS\EsperimentiVitisHLS\Temp\solution1\.autopilot\db\aead.pp.0.c:849:3: warning: Added loop label VITIS_LOOP_180_11:   [xilinx-label-all-loops]
  do { } while (0);
  ^~
  VITIS_LOOP_180_11: 
C:\Users\lguer\AppData\Roaming\Xilinx\Vitis\AsconOptimizedHLS\EsperimentiVitisHLS\Temp\solution1\.autopilot\db\aead.pp.0.c:849:3: note: FIX-IT applied suggested code changes
C:\Users\lguer\AppData\Roaming\Xilinx\Vitis\AsconOptimizedHLS\EsperimentiVitisHLS\Temp\solution1\.autopilot\db\aead.pp.0.c:859:3: warning: Added loop label VITIS_LOOP_190_12:   [xilinx-label-all-loops]
  for (i = 0; i < 16; ++i) result |= c[i] ^ t[i];
  ^~~
  VITIS_LOOP_190_12: 
C:\Users\lguer\AppData\Roaming\Xilinx\Vitis\AsconOptimizedHLS\EsperimentiVitisHLS\Temp\solution1\.autopilot\db\aead.pp.0.c:859:3: note: FIX-IT applied suggested code changes
