source/temp.c:18:9: warning: HLS pragma dump _XLX_SEP_ PragmaIsValid=1_XLX_SEP_ PragmaType=interface_XLX_SEP_ PragmaContext=_XLX_SEP_ PragmaFunction=axi_decrypt_XLX_SEP_ PragmaOptions=m_axi port=m offset=slave bundle=gmem_XLX_SEP_ [-Wdump-hls-pragmas]
#pragma HLS INTERFACE m_axi port=m offset=slave bundle=gmem
        ^
source/temp.c:19:9: warning: HLS pragma dump _XLX_SEP_ PragmaIsValid=1_XLX_SEP_ PragmaType=interface_XLX_SEP_ PragmaContext=_XLX_SEP_ PragmaFunction=axi_decrypt_XLX_SEP_ PragmaOptions=m_axi port=nsec offset=slave bundle=gmem_XLX_SEP_ [-Wdump-hls-pragmas]
#pragma HLS INTERFACE m_axi port=nsec offset=slave bundle=gmem
        ^
source/temp.c:20:9: warning: HLS pragma dump _XLX_SEP_ PragmaIsValid=1_XLX_SEP_ PragmaType=interface_XLX_SEP_ PragmaContext=_XLX_SEP_ PragmaFunction=axi_decrypt_XLX_SEP_ PragmaOptions=m_axi port=c offset=slave bundle=gmem_XLX_SEP_ [-Wdump-hls-pragmas]
#pragma HLS INTERFACE m_axi port=c offset=slave bundle=gmem
        ^
source/temp.c:21:9: warning: HLS pragma dump _XLX_SEP_ PragmaIsValid=1_XLX_SEP_ PragmaType=interface_XLX_SEP_ PragmaContext=_XLX_SEP_ PragmaFunction=axi_decrypt_XLX_SEP_ PragmaOptions=m_axi port=ad offset=slave bundle=gmem_XLX_SEP_ [-Wdump-hls-pragmas]
#pragma HLS INTERFACE m_axi port=ad offset=slave bundle=gmem
        ^
source/temp.c:22:9: warning: HLS pragma dump _XLX_SEP_ PragmaIsValid=1_XLX_SEP_ PragmaType=interface_XLX_SEP_ PragmaContext=_XLX_SEP_ PragmaFunction=axi_decrypt_XLX_SEP_ PragmaOptions=m_axi port=npub offset=slave bundle=gmem_XLX_SEP_ [-Wdump-hls-pragmas]
#pragma HLS INTERFACE m_axi port=npub offset=slave bundle=gmem
        ^
source/temp.c:23:9: warning: HLS pragma dump _XLX_SEP_ PragmaIsValid=1_XLX_SEP_ PragmaType=interface_XLX_SEP_ PragmaContext=_XLX_SEP_ PragmaFunction=axi_decrypt_XLX_SEP_ PragmaOptions=m_axi port=k offset=slave bundle=gmem_XLX_SEP_ [-Wdump-hls-pragmas]
#pragma HLS INTERFACE m_axi port=k offset=slave bundle=gmem
        ^
source/temp.c:25:9: warning: HLS pragma dump _XLX_SEP_ PragmaIsValid=1_XLX_SEP_ PragmaType=interface_XLX_SEP_ PragmaContext=_XLX_SEP_ PragmaFunction=axi_decrypt_XLX_SEP_ PragmaOptions=s_axilite port=m bundle=control_XLX_SEP_ [-Wdump-hls-pragmas]
#pragma HLS INTERFACE s_axilite port=m bundle=control
        ^
source/temp.c:26:9: warning: HLS pragma dump _XLX_SEP_ PragmaIsValid=1_XLX_SEP_ PragmaType=interface_XLX_SEP_ PragmaContext=_XLX_SEP_ PragmaFunction=axi_decrypt_XLX_SEP_ PragmaOptions=s_axilite port=nsec bundle=control_XLX_SEP_ [-Wdump-hls-pragmas]
#pragma HLS INTERFACE s_axilite port=nsec bundle=control
        ^
source/temp.c:27:9: warning: HLS pragma dump _XLX_SEP_ PragmaIsValid=1_XLX_SEP_ PragmaType=interface_XLX_SEP_ PragmaContext=_XLX_SEP_ PragmaFunction=axi_decrypt_XLX_SEP_ PragmaOptions=s_axilite port=c bundle=control_XLX_SEP_ [-Wdump-hls-pragmas]
#pragma HLS INTERFACE s_axilite port=c bundle=control
        ^
source/temp.c:28:9: warning: HLS pragma dump _XLX_SEP_ PragmaIsValid=1_XLX_SEP_ PragmaType=interface_XLX_SEP_ PragmaContext=_XLX_SEP_ PragmaFunction=axi_decrypt_XLX_SEP_ PragmaOptions=s_axilite port=ad bundle=control_XLX_SEP_ [-Wdump-hls-pragmas]
#pragma HLS INTERFACE s_axilite port=ad bundle=control
        ^
source/temp.c:29:9: warning: HLS pragma dump _XLX_SEP_ PragmaIsValid=1_XLX_SEP_ PragmaType=interface_XLX_SEP_ PragmaContext=_XLX_SEP_ PragmaFunction=axi_decrypt_XLX_SEP_ PragmaOptions=s_axilite port=npub bundle=control_XLX_SEP_ [-Wdump-hls-pragmas]
#pragma HLS INTERFACE s_axilite port=npub bundle=control
        ^
source/temp.c:30:9: warning: HLS pragma dump _XLX_SEP_ PragmaIsValid=1_XLX_SEP_ PragmaType=interface_XLX_SEP_ PragmaContext=_XLX_SEP_ PragmaFunction=axi_decrypt_XLX_SEP_ PragmaOptions=s_axilite port=k bundle=control_XLX_SEP_ [-Wdump-hls-pragmas]
#pragma HLS INTERFACE s_axilite port=k bundle=control
        ^
source/temp.c:31:9: warning: HLS pragma dump _XLX_SEP_ PragmaIsValid=1_XLX_SEP_ PragmaType=interface_XLX_SEP_ PragmaContext=_XLX_SEP_ PragmaFunction=axi_decrypt_XLX_SEP_ PragmaOptions=s_axilite port=return bundle=control_XLX_SEP_ [-Wdump-hls-pragmas]
#pragma HLS INTERFACE s_axilite port=return bundle=control
        ^
C:/Users/lguer/AppData/Roaming/Xilinx/Vitis/AsconOptimizedHLS/EsperimentiVitisHLS/Temp/solution1/csynth.tcl:27:9: warning: HLS pragma dump _XLX_SEP_ PragmaIsValid=1_XLX_SEP_ PragmaType=top_XLX_SEP_ PragmaContext=directive_XLX_SEP_ PragmaFunction=axi_encrypt_XLX_SEP_ PragmaOptions=name=axi_encrypt_XLX_SEP_ [-Wdump-hls-pragmas]
#pragma HLSDIRECTIVE TOP name=axi_encrypt
        ^
source/temp.c:59:9: warning: HLS pragma dump _XLX_SEP_ PragmaIsValid=1_XLX_SEP_ PragmaType=interface_XLX_SEP_ PragmaContext=_XLX_SEP_ PragmaFunction=axi_encrypt_XLX_SEP_ PragmaOptions=m_axi port=c offset=slave bundle=gmem_XLX_SEP_ [-Wdump-hls-pragmas]
#pragma HLS INTERFACE m_axi port=c offset=slave bundle=gmem
        ^
source/temp.c:60:9: warning: HLS pragma dump _XLX_SEP_ PragmaIsValid=1_XLX_SEP_ PragmaType=interface_XLX_SEP_ PragmaContext=_XLX_SEP_ PragmaFunction=axi_encrypt_XLX_SEP_ PragmaOptions=m_axi port=m offset=slave bundle=gmem_XLX_SEP_ [-Wdump-hls-pragmas]
#pragma HLS INTERFACE m_axi port=m offset=slave bundle=gmem
        ^
source/temp.c:61:9: warning: HLS pragma dump _XLX_SEP_ PragmaIsValid=1_XLX_SEP_ PragmaType=interface_XLX_SEP_ PragmaContext=_XLX_SEP_ PragmaFunction=axi_encrypt_XLX_SEP_ PragmaOptions=m_axi port=ad offset=slave bundle=gmem_XLX_SEP_ [-Wdump-hls-pragmas]
#pragma HLS INTERFACE m_axi port=ad offset=slave bundle=gmem
        ^
source/temp.c:62:9: warning: HLS pragma dump _XLX_SEP_ PragmaIsValid=1_XLX_SEP_ PragmaType=interface_XLX_SEP_ PragmaContext=_XLX_SEP_ PragmaFunction=axi_encrypt_XLX_SEP_ PragmaOptions=m_axi port=nsec offset=slave bundle=gmem_XLX_SEP_ [-Wdump-hls-pragmas]
#pragma HLS INTERFACE m_axi port=nsec offset=slave bundle=gmem
        ^
source/temp.c:63:9: warning: HLS pragma dump _XLX_SEP_ PragmaIsValid=1_XLX_SEP_ PragmaType=interface_XLX_SEP_ PragmaContext=_XLX_SEP_ PragmaFunction=axi_encrypt_XLX_SEP_ PragmaOptions=m_axi port=npub offset=slave bundle=gmem_XLX_SEP_ [-Wdump-hls-pragmas]
#pragma HLS INTERFACE m_axi port=npub offset=slave bundle=gmem
        ^
source/temp.c:64:9: warning: HLS pragma dump _XLX_SEP_ PragmaIsValid=1_XLX_SEP_ PragmaType=interface_XLX_SEP_ PragmaContext=_XLX_SEP_ PragmaFunction=axi_encrypt_XLX_SEP_ PragmaOptions=m_axi port=k offset=slave bundle=gmem_XLX_SEP_ [-Wdump-hls-pragmas]
#pragma HLS INTERFACE m_axi port=k offset=slave bundle=gmem
        ^
source/temp.c:66:9: warning: HLS pragma dump _XLX_SEP_ PragmaIsValid=1_XLX_SEP_ PragmaType=interface_XLX_SEP_ PragmaContext=_XLX_SEP_ PragmaFunction=axi_encrypt_XLX_SEP_ PragmaOptions=s_axilite port=c bundle=control_XLX_SEP_ [-Wdump-hls-pragmas]
#pragma HLS INTERFACE s_axilite port=c bundle=control
        ^
source/temp.c:67:9: warning: HLS pragma dump _XLX_SEP_ PragmaIsValid=1_XLX_SEP_ PragmaType=interface_XLX_SEP_ PragmaContext=_XLX_SEP_ PragmaFunction=axi_encrypt_XLX_SEP_ PragmaOptions=s_axilite port=m bundle=control_XLX_SEP_ [-Wdump-hls-pragmas]
#pragma HLS INTERFACE s_axilite port=m bundle=control
        ^
source/temp.c:68:9: warning: HLS pragma dump _XLX_SEP_ PragmaIsValid=1_XLX_SEP_ PragmaType=interface_XLX_SEP_ PragmaContext=_XLX_SEP_ PragmaFunction=axi_encrypt_XLX_SEP_ PragmaOptions=s_axilite port=ad bundle=control_XLX_SEP_ [-Wdump-hls-pragmas]
#pragma HLS INTERFACE s_axilite port=ad bundle=control
        ^
source/temp.c:69:9: warning: HLS pragma dump _XLX_SEP_ PragmaIsValid=1_XLX_SEP_ PragmaType=interface_XLX_SEP_ PragmaContext=_XLX_SEP_ PragmaFunction=axi_encrypt_XLX_SEP_ PragmaOptions=s_axilite port=nsec bundle=control_XLX_SEP_ [-Wdump-hls-pragmas]
#pragma HLS INTERFACE s_axilite port=nsec bundle=control
        ^
source/temp.c:70:9: warning: HLS pragma dump _XLX_SEP_ PragmaIsValid=1_XLX_SEP_ PragmaType=interface_XLX_SEP_ PragmaContext=_XLX_SEP_ PragmaFunction=axi_encrypt_XLX_SEP_ PragmaOptions=s_axilite port=npub bundle=control_XLX_SEP_ [-Wdump-hls-pragmas]
#pragma HLS INTERFACE s_axilite port=npub bundle=control
        ^
source/temp.c:71:9: warning: HLS pragma dump _XLX_SEP_ PragmaIsValid=1_XLX_SEP_ PragmaType=interface_XLX_SEP_ PragmaContext=_XLX_SEP_ PragmaFunction=axi_encrypt_XLX_SEP_ PragmaOptions=s_axilite port=k bundle=control_XLX_SEP_ [-Wdump-hls-pragmas]
#pragma HLS INTERFACE s_axilite port=k bundle=control
        ^
source/temp.c:72:9: warning: HLS pragma dump _XLX_SEP_ PragmaIsValid=1_XLX_SEP_ PragmaType=interface_XLX_SEP_ PragmaContext=_XLX_SEP_ PragmaFunction=axi_encrypt_XLX_SEP_ PragmaOptions=s_axilite port=return bundle=control_XLX_SEP_ [-Wdump-hls-pragmas]
#pragma HLS INTERFACE s_axilite port=return bundle=control
        ^
27 warnings generated.
