

================================================================
== Vitis HLS Report for 'LOADBYTES'
================================================================
* Date:           Tue May 28 19:29:16 2024

* Version:        2023.2 (Build 4023990 on Oct 11 2023)
* Project:        EsperimentiVitisHLS
* Solution:       solution1 (Vivado IP Flow Target)
* Product family: zynq
* Target device:  xc7z010-clg400-1


================================================================
== Performance Estimates
================================================================
+ Timing: 
    * Summary: 
    +--------+----------+----------+------------+
    |  Clock |  Target  | Estimated| Uncertainty|
    +--------+----------+----------+------------+
    |ap_clk  |  10.00 ns|  5.728 ns|     2.70 ns|
    +--------+----------+----------+------------+

+ Latency: 
    * Summary: 
    +---------+---------+-----------+----------+-----+-----+---------+
    |  Latency (cycles) |  Latency (absolute)  |  Interval | Pipeline|
    |   min   |   max   |    min    |    max   | min | max |   Type  |
    +---------+---------+-----------+----------+-----+-----+---------+
    |        2|       10|  20.000 ns|  0.100 us|    2|   10|       no|
    +---------+---------+-----------+----------+-----+-----+---------+

    + Detail: 
        * Instance: 
        N/A

        * Loop: 
        +-------------------+---------+---------+----------+-----------+-----------+-------+----------+
        |                   |  Latency (cycles) | Iteration|  Initiation Interval  |  Trip |          |
        |     Loop Name     |   min   |   max   |  Latency |  achieved |   target  | Count | Pipelined|
        +-------------------+---------+---------+----------+-----------+-----------+-------+----------+
        |- VITIS_LOOP_22_1  |        0|        8|         2|          1|          1|  0 ~ 8|       yes|
        +-------------------+---------+---------+----------+-----------+-----------+-------+----------+

============================================================
+ Verbose Summary: Synthesis Manager
============================================================
InlineROM: 1
ExposeGlobal: 0
============================================================
+ Verbose Summary: CDFG Model
============================================================
IsTopModel: 0
ResetActiveHigh: 1
IsCombinational: 0
IsDatapathOnly: 0
HasWiredReturn: 1
HasMFsm: 2
HasVarLatency: 1
IsPipeline: 0
IsRtlPipelined: 0
IsInstanceOverlapped: 0
IsDontTouch: 0
HasImplIP: 0
IsGatedGlobalClock: 0

+ Individual pipeline summary: 
  * Pipeline-0: initiation interval (II) = 1, depth = 2


============================================================
+ Verbose Summary: Schedule
============================================================
* Number of FSM states : 2
* Pipeline : 1
  Pipeline-0 : II = 1, D = 2, States = { 1 2 }
* Dataflow Pipeline: 0

* FSM state transitions: 
1 --> 2 
2 --> 

* FSM state operations: 

State 1 <SV = 0> <Delay = 5.38>
ST_1 : Operation 5 [1/1] (0.00ns)   --->   "%x = alloca i32 1" [source/word.h:21]   --->   Operation 5 'alloca' 'x' <Predicate = true> <Delay = 0.00>
ST_1 : Operation 6 [1/1] (0.00ns)   --->   "%i = alloca i32 1" [source/word.h:20]   --->   Operation 6 'alloca' 'i' <Predicate = true> <Delay = 0.00>
ST_1 : Operation 7 [1/1] (0.00ns)   --->   "%idx_read = read i4 @_ssdm_op_Read.ap_auto.i4, i4 %idx" [source/word.h:19]   --->   Operation 7 'read' 'idx_read' <Predicate = true> <Delay = 0.00>
ST_1 : Operation 8 [1/1] (0.00ns)   --->   "%n_read = read i4 @_ssdm_op_Read.ap_auto.i4, i4 %n" [source/word.h:19]   --->   Operation 8 'read' 'n_read' <Predicate = true> <Delay = 0.00>
ST_1 : Operation 9 [1/1] (0.00ns)   --->   "%bytes_read_1 = read i8 @_ssdm_op_Read.ap_auto.i8, i8 %bytes_read_61" [source/word.h:19]   --->   Operation 9 'read' 'bytes_read_1' <Predicate = true> <Delay = 0.00>
ST_1 : Operation 10 [1/1] (0.00ns)   --->   "%bytes_read_2 = read i8 @_ssdm_op_Read.ap_auto.i8, i8 %bytes_read_60" [source/word.h:19]   --->   Operation 10 'read' 'bytes_read_2' <Predicate = true> <Delay = 0.00>
ST_1 : Operation 11 [1/1] (0.00ns)   --->   "%bytes_read_3 = read i8 @_ssdm_op_Read.ap_auto.i8, i8 %bytes_read_59" [source/word.h:19]   --->   Operation 11 'read' 'bytes_read_3' <Predicate = true> <Delay = 0.00>
ST_1 : Operation 12 [1/1] (0.00ns)   --->   "%bytes_read_4 = read i8 @_ssdm_op_Read.ap_auto.i8, i8 %bytes_read_58" [source/word.h:19]   --->   Operation 12 'read' 'bytes_read_4' <Predicate = true> <Delay = 0.00>
ST_1 : Operation 13 [1/1] (0.00ns)   --->   "%bytes_read_5 = read i8 @_ssdm_op_Read.ap_auto.i8, i8 %bytes_read_57" [source/word.h:19]   --->   Operation 13 'read' 'bytes_read_5' <Predicate = true> <Delay = 0.00>
ST_1 : Operation 14 [1/1] (0.00ns)   --->   "%bytes_read_6 = read i8 @_ssdm_op_Read.ap_auto.i8, i8 %bytes_read_56" [source/word.h:19]   --->   Operation 14 'read' 'bytes_read_6' <Predicate = true> <Delay = 0.00>
ST_1 : Operation 15 [1/1] (0.00ns)   --->   "%bytes_read_7 = read i8 @_ssdm_op_Read.ap_auto.i8, i8 %bytes_read_55" [source/word.h:19]   --->   Operation 15 'read' 'bytes_read_7' <Predicate = true> <Delay = 0.00>
ST_1 : Operation 16 [1/1] (0.00ns)   --->   "%bytes_read_8 = read i8 @_ssdm_op_Read.ap_auto.i8, i8 %bytes_read_54" [source/word.h:19]   --->   Operation 16 'read' 'bytes_read_8' <Predicate = true> <Delay = 0.00>
ST_1 : Operation 17 [1/1] (0.00ns)   --->   "%bytes_read_9 = read i8 @_ssdm_op_Read.ap_auto.i8, i8 %bytes_read_53" [source/word.h:19]   --->   Operation 17 'read' 'bytes_read_9' <Predicate = true> <Delay = 0.00>
ST_1 : Operation 18 [1/1] (0.00ns)   --->   "%bytes_read_10 = read i8 @_ssdm_op_Read.ap_auto.i8, i8 %bytes_read_52" [source/word.h:19]   --->   Operation 18 'read' 'bytes_read_10' <Predicate = true> <Delay = 0.00>
ST_1 : Operation 19 [1/1] (0.00ns)   --->   "%bytes_read_11 = read i8 @_ssdm_op_Read.ap_auto.i8, i8 %bytes_read_51" [source/word.h:19]   --->   Operation 19 'read' 'bytes_read_11' <Predicate = true> <Delay = 0.00>
ST_1 : Operation 20 [1/1] (0.00ns)   --->   "%bytes_read_12 = read i8 @_ssdm_op_Read.ap_auto.i8, i8 %bytes_read_50" [source/word.h:19]   --->   Operation 20 'read' 'bytes_read_12' <Predicate = true> <Delay = 0.00>
ST_1 : Operation 21 [1/1] (0.00ns)   --->   "%bytes_read_13 = read i8 @_ssdm_op_Read.ap_auto.i8, i8 %bytes_read_49" [source/word.h:19]   --->   Operation 21 'read' 'bytes_read_13' <Predicate = true> <Delay = 0.00>
ST_1 : Operation 22 [1/1] (0.00ns)   --->   "%bytes_read_14 = read i8 @_ssdm_op_Read.ap_auto.i8, i8 %bytes_read_48" [source/word.h:19]   --->   Operation 22 'read' 'bytes_read_14' <Predicate = true> <Delay = 0.00>
ST_1 : Operation 23 [1/1] (0.00ns)   --->   "%bytes_read_15 = read i8 @_ssdm_op_Read.ap_auto.i8, i8 %bytes_read_47" [source/word.h:19]   --->   Operation 23 'read' 'bytes_read_15' <Predicate = true> <Delay = 0.00>
ST_1 : Operation 24 [1/1] (0.00ns)   --->   "%bytes_read_31 = read i8 @_ssdm_op_Read.ap_auto.i8, i8 %bytes_read" [source/word.h:19]   --->   Operation 24 'read' 'bytes_read_31' <Predicate = true> <Delay = 0.00>
ST_1 : Operation 25 [1/1] (1.58ns)   --->   "%store_ln20 = store i4 0, i4 %i" [source/word.h:20]   --->   Operation 25 'store' 'store_ln20' <Predicate = true> <Delay = 1.58>
ST_1 : Operation 26 [1/1] (1.58ns)   --->   "%store_ln21 = store i64 0, i64 %x" [source/word.h:21]   --->   Operation 26 'store' 'store_ln21' <Predicate = true> <Delay = 1.58>
ST_1 : Operation 27 [1/1] (0.00ns)   --->   "%br_ln22 = br void %for.inc" [source/word.h:22]   --->   Operation 27 'br' 'br_ln22' <Predicate = true> <Delay = 0.00>
ST_1 : Operation 28 [1/1] (0.00ns)   --->   "%i_3 = load i4 %i" [source/word.h:22]   --->   Operation 28 'load' 'i_3' <Predicate = true> <Delay = 0.00>
ST_1 : Operation 29 [1/1] (1.73ns)   --->   "%icmp_ln22 = icmp_eq  i4 %i_3, i4 %n_read" [source/word.h:22]   --->   Operation 29 'icmp' 'icmp_ln22' <Predicate = true> <Delay = 1.73> <CoreInst = "Cmp">   --->   Core 9 'Cmp' <Latency = 0> <II = 1> <Delay = 1.73> <FuncUnit> <Opcode : 'icmp'> <InPorts = 2> <OutPorts = 1>
ST_1 : Operation 30 [1/1] (0.00ns)   --->   "%speclooptripcount_ln0 = speclooptripcount void @_ssdm_op_SpecLoopTripCount, i64 0, i64 8, i64 0"   --->   Operation 30 'speclooptripcount' 'speclooptripcount_ln0' <Predicate = true> <Delay = 0.00>
ST_1 : Operation 31 [1/1] (1.73ns)   --->   "%add_ln22_1 = add i4 %i_3, i4 1" [source/word.h:22]   --->   Operation 31 'add' 'add_ln22_1' <Predicate = true> <Delay = 1.73> <CoreInst = "Adder">   --->   Core 1 'Adder' <Latency = 0> <II = 1> <Delay = 1.73> <FuncUnit> <Opcode : 'add' 'sub'> <InPorts = 2> <OutPorts = 1>
ST_1 : Operation 32 [1/1] (0.00ns)   --->   "%br_ln22 = br i1 %icmp_ln22, void %for.inc.split, void %for.end.loopexit" [source/word.h:22]   --->   Operation 32 'br' 'br_ln22' <Predicate = true> <Delay = 0.00>
ST_1 : Operation 33 [1/1] (0.00ns)   --->   "%trunc_ln22 = trunc i4 %i_3" [source/word.h:22]   --->   Operation 33 'trunc' 'trunc_ln22' <Predicate = (!icmp_ln22)> <Delay = 0.00>
ST_1 : Operation 34 [1/1] (0.00ns)   --->   "%zext_ln22_2 = zext i3 %trunc_ln22" [source/word.h:22]   --->   Operation 34 'zext' 'zext_ln22_2' <Predicate = (!icmp_ln22)> <Delay = 0.00>
ST_1 : Operation 35 [1/1] (1.73ns)   --->   "%add_ln22 = add i4 %zext_ln22_2, i4 %idx_read" [source/word.h:22]   --->   Operation 35 'add' 'add_ln22' <Predicate = (!icmp_ln22)> <Delay = 1.73> <CoreInst = "Adder">   --->   Core 1 'Adder' <Latency = 0> <II = 1> <Delay = 1.73> <FuncUnit> <Opcode : 'add' 'sub'> <InPorts = 2> <OutPorts = 1>
ST_1 : Operation 36 [1/1] (2.06ns)   --->   "%tmp = sparsemux i8 @_ssdm_op_SparseMux.ap_auto.16i8.i8.i4, i4 0, i8 %bytes_read_31, i4 1, i8 %bytes_read_15, i4 2, i8 %bytes_read_14, i4 3, i8 %bytes_read_13, i4 4, i8 %bytes_read_12, i4 5, i8 %bytes_read_11, i4 6, i8 %bytes_read_10, i4 7, i8 %bytes_read_9, i4 8, i8 %bytes_read_8, i4 9, i8 %bytes_read_7, i4 10, i8 %bytes_read_6, i4 11, i8 %bytes_read_5, i4 12, i8 %bytes_read_4, i4 13, i8 %bytes_read_3, i4 14, i8 %bytes_read_2, i4 15, i8 %bytes_read_1, i8 0, i4 %add_ln22" [source/word.h:22]   --->   Operation 36 'sparsemux' 'tmp' <Predicate = (!icmp_ln22)> <Delay = 2.06> <CoreInst = "SparseMux">   --->   Core 135 'SparseMux' <Latency = 0> <II = 1> <Delay = 2.06> <FuncUnit> <Opcode : 'sparsemux'> <InPorts = 2> <OutPorts = 1>
ST_1 : Operation 37 [1/1] (0.00ns)   --->   "%shl_ln = bitconcatenate i6 @_ssdm_op_BitConcatenate.i6.i3.i3, i3 %trunc_ln22, i3 0" [source/word.h:22]   --->   Operation 37 'bitconcatenate' 'shl_ln' <Predicate = (!icmp_ln22)> <Delay = 0.00>
ST_1 : Operation 38 [1/1] (1.82ns)   --->   "%sub_ln22 = sub i6 56, i6 %shl_ln" [source/word.h:22]   --->   Operation 38 'sub' 'sub_ln22' <Predicate = (!icmp_ln22)> <Delay = 1.82> <CoreInst = "Adder">   --->   Core 1 'Adder' <Latency = 0> <II = 1> <Delay = 1.82> <FuncUnit> <Opcode : 'add' 'sub'> <InPorts = 2> <OutPorts = 1>
ST_1 : Operation 39 [1/1] (1.58ns)   --->   "%store_ln20 = store i4 %add_ln22_1, i4 %i" [source/word.h:20]   --->   Operation 39 'store' 'store_ln20' <Predicate = (!icmp_ln22)> <Delay = 1.58>
ST_1 : Operation 49 [1/1] (0.00ns)   --->   "%x_load_1 = load i64 %x" [source/word.h:23]   --->   Operation 49 'load' 'x_load_1' <Predicate = (icmp_ln22)> <Delay = 0.00>
ST_1 : Operation 50 [1/1] (0.00ns)   --->   "%ret_ln23 = ret i64 %x_load_1" [source/word.h:23]   --->   Operation 50 'ret' 'ret_ln23' <Predicate = (icmp_ln22)> <Delay = 0.00>

State 2 <SV = 1> <Delay = 5.72>
ST_2 : Operation 40 [1/1] (0.00ns)   --->   "%x_load = load i64 %x" [source/word.h:22]   --->   Operation 40 'load' 'x_load' <Predicate = true> <Delay = 0.00>
ST_2 : Operation 41 [1/1] (0.00ns)   --->   "%specpipeline_ln20 = specpipeline void @_ssdm_op_SpecPipeline, i32 4294967295, i32 0, i32 0, i32 0, void @empty_0" [source/word.h:20]   --->   Operation 41 'specpipeline' 'specpipeline_ln20' <Predicate = true> <Delay = 0.00>
ST_2 : Operation 42 [1/1] (0.00ns)   --->   "%specloopname_ln22 = specloopname void @_ssdm_op_SpecLoopName, void @empty_15" [source/word.h:22]   --->   Operation 42 'specloopname' 'specloopname_ln22' <Predicate = true> <Delay = 0.00>
ST_2 : Operation 43 [1/1] (0.00ns)   --->   "%zext_ln22 = zext i8 %tmp" [source/word.h:22]   --->   Operation 43 'zext' 'zext_ln22' <Predicate = true> <Delay = 0.00>
ST_2 : Operation 44 [1/1] (0.00ns)   --->   "%zext_ln22_1 = zext i6 %sub_ln22" [source/word.h:22]   --->   Operation 44 'zext' 'zext_ln22_1' <Predicate = true> <Delay = 0.00>
ST_2 : Operation 45 [1/1] (3.14ns)   --->   "%shl_ln22 = shl i64 %zext_ln22, i64 %zext_ln22_1" [source/word.h:22]   --->   Operation 45 'shl' 'shl_ln22' <Predicate = true> <Delay = 3.14> <CoreInst = "Shifter">   --->   Core 75 'Shifter' <Latency = 0> <II = 1> <Delay = 3.14> <FuncUnit> <Opcode : 'shl' 'lshr' 'ashr'> <InPorts = 2> <OutPorts = 1>
ST_2 : Operation 46 [1/1] (0.99ns)   --->   "%x_1 = or i64 %shl_ln22, i64 %x_load" [source/word.h:22]   --->   Operation 46 'or' 'x_1' <Predicate = true> <Delay = 0.99> <CoreInst = "LogicGate">   --->   Core 74 'LogicGate' <Latency = 0> <II = 1> <Delay = 0.99> <FuncUnit> <Opcode : 'and' 'or' 'xor'> <InPorts = 2> <OutPorts = 1>
ST_2 : Operation 47 [1/1] (1.58ns)   --->   "%store_ln21 = store i64 %x_1, i64 %x" [source/word.h:21]   --->   Operation 47 'store' 'store_ln21' <Predicate = true> <Delay = 1.58>
ST_2 : Operation 48 [1/1] (0.00ns)   --->   "%br_ln22 = br void %for.inc" [source/word.h:22]   --->   Operation 48 'br' 'br_ln22' <Predicate = true> <Delay = 0.00>


============================================================
+ Verbose Summary: Binding
============================================================
STG Binding: 
---------------- STG Properties BEGIN ----------------
- Is combinational: 0
- Is one-state seq: 0
- Is datapath-only: 0
- Is pipelined: 0
- Is top level: 0
Port [ Return ] is wired: 1; IO mode=ap_ctrl_hs:ce=0
Port [ bytes_read]:  wired=1; compound=0; hidden=0; nouse=0; global=0; static=0; extern=0; dir=0; type=0; pingpong=0; private_global=0; IO mode=ap_none:ce=0
Port [ bytes_read_47]:  wired=1; compound=0; hidden=0; nouse=0; global=0; static=0; extern=0; dir=0; type=0; pingpong=0; private_global=0; IO mode=ap_none:ce=0
Port [ bytes_read_48]:  wired=1; compound=0; hidden=0; nouse=0; global=0; static=0; extern=0; dir=0; type=0; pingpong=0; private_global=0; IO mode=ap_none:ce=0
Port [ bytes_read_49]:  wired=1; compound=0; hidden=0; nouse=0; global=0; static=0; extern=0; dir=0; type=0; pingpong=0; private_global=0; IO mode=ap_none:ce=0
Port [ bytes_read_50]:  wired=1; compound=0; hidden=0; nouse=0; global=0; static=0; extern=0; dir=0; type=0; pingpong=0; private_global=0; IO mode=ap_none:ce=0
Port [ bytes_read_51]:  wired=1; compound=0; hidden=0; nouse=0; global=0; static=0; extern=0; dir=0; type=0; pingpong=0; private_global=0; IO mode=ap_none:ce=0
Port [ bytes_read_52]:  wired=1; compound=0; hidden=0; nouse=0; global=0; static=0; extern=0; dir=0; type=0; pingpong=0; private_global=0; IO mode=ap_none:ce=0
Port [ bytes_read_53]:  wired=1; compound=0; hidden=0; nouse=0; global=0; static=0; extern=0; dir=0; type=0; pingpong=0; private_global=0; IO mode=ap_none:ce=0
Port [ bytes_read_54]:  wired=1; compound=0; hidden=0; nouse=0; global=0; static=0; extern=0; dir=0; type=0; pingpong=0; private_global=0; IO mode=ap_none:ce=0
Port [ bytes_read_55]:  wired=1; compound=0; hidden=0; nouse=0; global=0; static=0; extern=0; dir=0; type=0; pingpong=0; private_global=0; IO mode=ap_none:ce=0
Port [ bytes_read_56]:  wired=1; compound=0; hidden=0; nouse=0; global=0; static=0; extern=0; dir=0; type=0; pingpong=0; private_global=0; IO mode=ap_none:ce=0
Port [ bytes_read_57]:  wired=1; compound=0; hidden=0; nouse=0; global=0; static=0; extern=0; dir=0; type=0; pingpong=0; private_global=0; IO mode=ap_none:ce=0
Port [ bytes_read_58]:  wired=1; compound=0; hidden=0; nouse=0; global=0; static=0; extern=0; dir=0; type=0; pingpong=0; private_global=0; IO mode=ap_none:ce=0
Port [ bytes_read_59]:  wired=1; compound=0; hidden=0; nouse=0; global=0; static=0; extern=0; dir=0; type=0; pingpong=0; private_global=0; IO mode=ap_none:ce=0
Port [ bytes_read_60]:  wired=1; compound=0; hidden=0; nouse=0; global=0; static=0; extern=0; dir=0; type=0; pingpong=0; private_global=0; IO mode=ap_none:ce=0
Port [ bytes_read_61]:  wired=1; compound=0; hidden=0; nouse=0; global=0; static=0; extern=0; dir=0; type=0; pingpong=0; private_global=0; IO mode=ap_none:ce=0
Port [ n]:  wired=1; compound=0; hidden=0; nouse=0; global=0; static=0; extern=0; dir=0; type=0; pingpong=0; private_global=0; IO mode=ap_none:ce=0
Port [ idx]:  wired=1; compound=0; hidden=0; nouse=0; global=0; static=0; extern=0; dir=0; type=0; pingpong=0; private_global=0; IO mode=ap_none:ce=0
---------------- STG Properties END ------------------

---------------- Datapath Model BEGIN ----------------

<LifeTime>
<method=bitvector/>
x                     (alloca           ) [ 011]
i                     (alloca           ) [ 010]
idx_read              (read             ) [ 000]
n_read                (read             ) [ 000]
bytes_read_1          (read             ) [ 000]
bytes_read_2          (read             ) [ 000]
bytes_read_3          (read             ) [ 000]
bytes_read_4          (read             ) [ 000]
bytes_read_5          (read             ) [ 000]
bytes_read_6          (read             ) [ 000]
bytes_read_7          (read             ) [ 000]
bytes_read_8          (read             ) [ 000]
bytes_read_9          (read             ) [ 000]
bytes_read_10         (read             ) [ 000]
bytes_read_11         (read             ) [ 000]
bytes_read_12         (read             ) [ 000]
bytes_read_13         (read             ) [ 000]
bytes_read_14         (read             ) [ 000]
bytes_read_15         (read             ) [ 000]
bytes_read_31         (read             ) [ 000]
store_ln20            (store            ) [ 000]
store_ln21            (store            ) [ 000]
br_ln22               (br               ) [ 000]
i_3                   (load             ) [ 000]
icmp_ln22             (icmp             ) [ 010]
speclooptripcount_ln0 (speclooptripcount) [ 000]
add_ln22_1            (add              ) [ 000]
br_ln22               (br               ) [ 000]
trunc_ln22            (trunc            ) [ 000]
zext_ln22_2           (zext             ) [ 000]
add_ln22              (add              ) [ 000]
tmp                   (sparsemux        ) [ 011]
shl_ln                (bitconcatenate   ) [ 000]
sub_ln22              (sub              ) [ 011]
store_ln20            (store            ) [ 000]
x_load                (load             ) [ 000]
specpipeline_ln20     (specpipeline     ) [ 000]
specloopname_ln22     (specloopname     ) [ 000]
zext_ln22             (zext             ) [ 000]
zext_ln22_1           (zext             ) [ 000]
shl_ln22              (shl              ) [ 000]
x_1                   (or               ) [ 000]
store_ln21            (store            ) [ 000]
br_ln22               (br               ) [ 000]
x_load_1              (load             ) [ 000]
ret_ln23              (ret              ) [ 000]
</LifeTime>

<model>

<comp_list>
<comp id="0" class="1000" name="bytes_read">
<pin_list>
<pin id="1" dir="1" index="0" bw="1" slack="0"/>
</pin_list>
<bind>
<StgValue><ssdm name="bytes_read"/></StgValue>
</bind>
</comp>

<comp id="2" class="1000" name="bytes_read_47">
<pin_list>
<pin id="3" dir="1" index="0" bw="1" slack="0"/>
</pin_list>
<bind>
<StgValue><ssdm name="bytes_read_47"/></StgValue>
</bind>
</comp>

<comp id="4" class="1000" name="bytes_read_48">
<pin_list>
<pin id="5" dir="1" index="0" bw="1" slack="0"/>
</pin_list>
<bind>
<StgValue><ssdm name="bytes_read_48"/></StgValue>
</bind>
</comp>

<comp id="6" class="1000" name="bytes_read_49">
<pin_list>
<pin id="7" dir="1" index="0" bw="1" slack="0"/>
</pin_list>
<bind>
<StgValue><ssdm name="bytes_read_49"/></StgValue>
</bind>
</comp>

<comp id="8" class="1000" name="bytes_read_50">
<pin_list>
<pin id="9" dir="1" index="0" bw="1" slack="0"/>
</pin_list>
<bind>
<StgValue><ssdm name="bytes_read_50"/></StgValue>
</bind>
</comp>

<comp id="10" class="1000" name="bytes_read_51">
<pin_list>
<pin id="11" dir="1" index="0" bw="1" slack="0"/>
</pin_list>
<bind>
<StgValue><ssdm name="bytes_read_51"/></StgValue>
</bind>
</comp>

<comp id="12" class="1000" name="bytes_read_52">
<pin_list>
<pin id="13" dir="1" index="0" bw="1" slack="0"/>
</pin_list>
<bind>
<StgValue><ssdm name="bytes_read_52"/></StgValue>
</bind>
</comp>

<comp id="14" class="1000" name="bytes_read_53">
<pin_list>
<pin id="15" dir="1" index="0" bw="1" slack="0"/>
</pin_list>
<bind>
<StgValue><ssdm name="bytes_read_53"/></StgValue>
</bind>
</comp>

<comp id="16" class="1000" name="bytes_read_54">
<pin_list>
<pin id="17" dir="1" index="0" bw="1" slack="0"/>
</pin_list>
<bind>
<StgValue><ssdm name="bytes_read_54"/></StgValue>
</bind>
</comp>

<comp id="18" class="1000" name="bytes_read_55">
<pin_list>
<pin id="19" dir="1" index="0" bw="1" slack="0"/>
</pin_list>
<bind>
<StgValue><ssdm name="bytes_read_55"/></StgValue>
</bind>
</comp>

<comp id="20" class="1000" name="bytes_read_56">
<pin_list>
<pin id="21" dir="1" index="0" bw="1" slack="0"/>
</pin_list>
<bind>
<StgValue><ssdm name="bytes_read_56"/></StgValue>
</bind>
</comp>

<comp id="22" class="1000" name="bytes_read_57">
<pin_list>
<pin id="23" dir="1" index="0" bw="1" slack="0"/>
</pin_list>
<bind>
<StgValue><ssdm name="bytes_read_57"/></StgValue>
</bind>
</comp>

<comp id="24" class="1000" name="bytes_read_58">
<pin_list>
<pin id="25" dir="1" index="0" bw="1" slack="0"/>
</pin_list>
<bind>
<StgValue><ssdm name="bytes_read_58"/></StgValue>
</bind>
</comp>

<comp id="26" class="1000" name="bytes_read_59">
<pin_list>
<pin id="27" dir="1" index="0" bw="1" slack="0"/>
</pin_list>
<bind>
<StgValue><ssdm name="bytes_read_59"/></StgValue>
</bind>
</comp>

<comp id="28" class="1000" name="bytes_read_60">
<pin_list>
<pin id="29" dir="1" index="0" bw="1" slack="0"/>
</pin_list>
<bind>
<StgValue><ssdm name="bytes_read_60"/></StgValue>
</bind>
</comp>

<comp id="30" class="1000" name="bytes_read_61">
<pin_list>
<pin id="31" dir="1" index="0" bw="1" slack="0"/>
</pin_list>
<bind>
<StgValue><ssdm name="bytes_read_61"/></StgValue>
</bind>
</comp>

<comp id="32" class="1000" name="n">
<pin_list>
<pin id="33" dir="1" index="0" bw="1" slack="0"/>
</pin_list>
<bind>
<StgValue><ssdm name="n"/></StgValue>
</bind>
</comp>

<comp id="34" class="1000" name="idx">
<pin_list>
<pin id="35" dir="1" index="0" bw="1" slack="0"/>
</pin_list>
<bind>
<StgValue><ssdm name="idx"/></StgValue>
</bind>
</comp>

<comp id="36" class="1001" name="const_36">
<pin_list>
<pin id="37" dir="1" index="0" bw="1" slack="0"/>
</pin_list>
<bind>
<StgValue><ssdm name=""/></StgValue>
</bind>
</comp>

<comp id="38" class="1001" name="const_38">
<pin_list>
<pin id="39" dir="1" index="0" bw="1" slack="0"/>
</pin_list>
<bind>
<StgValue><ssdm name="_ssdm_op_Read.ap_auto.i4"/></StgValue>
</bind>
</comp>

<comp id="40" class="1001" name="const_40">
<pin_list>
<pin id="41" dir="1" index="0" bw="1" slack="0"/>
</pin_list>
<bind>
<StgValue><ssdm name="_ssdm_op_Read.ap_auto.i8"/></StgValue>
</bind>
</comp>

<comp id="42" class="1001" name="const_42">
<pin_list>
<pin id="43" dir="1" index="0" bw="1" slack="0"/>
</pin_list>
<bind>
<StgValue><ssdm name=""/></StgValue>
</bind>
</comp>

<comp id="44" class="1001" name="const_44">
<pin_list>
<pin id="45" dir="1" index="0" bw="1" slack="0"/>
</pin_list>
<bind>
<StgValue><ssdm name=""/></StgValue>
</bind>
</comp>

<comp id="46" class="1001" name="const_46">
<pin_list>
<pin id="47" dir="1" index="0" bw="1" slack="2147483647"/>
</pin_list>
<bind>
<StgValue><ssdm name="_ssdm_op_SpecLoopTripCount"/></StgValue>
</bind>
</comp>

<comp id="48" class="1001" name="const_48">
<pin_list>
<pin id="49" dir="1" index="0" bw="1" slack="2147483647"/>
</pin_list>
<bind>
<StgValue><ssdm name=""/></StgValue>
</bind>
</comp>

<comp id="50" class="1001" name="const_50">
<pin_list>
<pin id="51" dir="1" index="0" bw="1" slack="0"/>
</pin_list>
<bind>
<StgValue><ssdm name=""/></StgValue>
</bind>
</comp>

<comp id="52" class="1001" name="const_52">
<pin_list>
<pin id="53" dir="1" index="0" bw="1" slack="0"/>
</pin_list>
<bind>
<StgValue><ssdm name="_ssdm_op_SparseMux.ap_auto.16i8.i8.i4"/></StgValue>
</bind>
</comp>

<comp id="54" class="1001" name="const_54">
<pin_list>
<pin id="55" dir="1" index="0" bw="1" slack="0"/>
</pin_list>
<bind>
<StgValue><ssdm name=""/></StgValue>
</bind>
</comp>

<comp id="56" class="1001" name="const_56">
<pin_list>
<pin id="57" dir="1" index="0" bw="1" slack="0"/>
</pin_list>
<bind>
<StgValue><ssdm name=""/></StgValue>
</bind>
</comp>

<comp id="58" class="1001" name="const_58">
<pin_list>
<pin id="59" dir="1" index="0" bw="1" slack="0"/>
</pin_list>
<bind>
<StgValue><ssdm name=""/></StgValue>
</bind>
</comp>

<comp id="60" class="1001" name="const_60">
<pin_list>
<pin id="61" dir="1" index="0" bw="1" slack="0"/>
</pin_list>
<bind>
<StgValue><ssdm name=""/></StgValue>
</bind>
</comp>

<comp id="62" class="1001" name="const_62">
<pin_list>
<pin id="63" dir="1" index="0" bw="1" slack="0"/>
</pin_list>
<bind>
<StgValue><ssdm name=""/></StgValue>
</bind>
</comp>

<comp id="64" class="1001" name="const_64">
<pin_list>
<pin id="65" dir="1" index="0" bw="1" slack="0"/>
</pin_list>
<bind>
<StgValue><ssdm name=""/></StgValue>
</bind>
</comp>

<comp id="66" class="1001" name="const_66">
<pin_list>
<pin id="67" dir="1" index="0" bw="1" slack="0"/>
</pin_list>
<bind>
<StgValue><ssdm name=""/></StgValue>
</bind>
</comp>

<comp id="68" class="1001" name="const_68">
<pin_list>
<pin id="69" dir="1" index="0" bw="1" slack="0"/>
</pin_list>
<bind>
<StgValue><ssdm name=""/></StgValue>
</bind>
</comp>

<comp id="70" class="1001" name="const_70">
<pin_list>
<pin id="71" dir="1" index="0" bw="1" slack="0"/>
</pin_list>
<bind>
<StgValue><ssdm name=""/></StgValue>
</bind>
</comp>

<comp id="72" class="1001" name="const_72">
<pin_list>
<pin id="73" dir="1" index="0" bw="1" slack="0"/>
</pin_list>
<bind>
<StgValue><ssdm name=""/></StgValue>
</bind>
</comp>

<comp id="74" class="1001" name="const_74">
<pin_list>
<pin id="75" dir="1" index="0" bw="1" slack="0"/>
</pin_list>
<bind>
<StgValue><ssdm name=""/></StgValue>
</bind>
</comp>

<comp id="76" class="1001" name="const_76">
<pin_list>
<pin id="77" dir="1" index="0" bw="1" slack="0"/>
</pin_list>
<bind>
<StgValue><ssdm name=""/></StgValue>
</bind>
</comp>

<comp id="78" class="1001" name="const_78">
<pin_list>
<pin id="79" dir="1" index="0" bw="1" slack="0"/>
</pin_list>
<bind>
<StgValue><ssdm name=""/></StgValue>
</bind>
</comp>

<comp id="80" class="1001" name="const_80">
<pin_list>
<pin id="81" dir="1" index="0" bw="1" slack="0"/>
</pin_list>
<bind>
<StgValue><ssdm name=""/></StgValue>
</bind>
</comp>

<comp id="82" class="1001" name="const_82">
<pin_list>
<pin id="83" dir="1" index="0" bw="1" slack="0"/>
</pin_list>
<bind>
<StgValue><ssdm name=""/></StgValue>
</bind>
</comp>

<comp id="84" class="1001" name="const_84">
<pin_list>
<pin id="85" dir="1" index="0" bw="1" slack="0"/>
</pin_list>
<bind>
<StgValue><ssdm name="_ssdm_op_BitConcatenate.i6.i3.i3"/></StgValue>
</bind>
</comp>

<comp id="86" class="1001" name="const_86">
<pin_list>
<pin id="87" dir="1" index="0" bw="1" slack="0"/>
</pin_list>
<bind>
<StgValue><ssdm name=""/></StgValue>
</bind>
</comp>

<comp id="88" class="1001" name="const_88">
<pin_list>
<pin id="89" dir="1" index="0" bw="1" slack="0"/>
</pin_list>
<bind>
<StgValue><ssdm name=""/></StgValue>
</bind>
</comp>

<comp id="90" class="1001" name="const_90">
<pin_list>
<pin id="91" dir="1" index="0" bw="1" slack="2147483647"/>
</pin_list>
<bind>
<StgValue><ssdm name="_ssdm_op_SpecPipeline"/></StgValue>
</bind>
</comp>

<comp id="92" class="1001" name="const_92">
<pin_list>
<pin id="93" dir="1" index="0" bw="1" slack="2147483647"/>
</pin_list>
<bind>
<StgValue><ssdm name=""/></StgValue>
</bind>
</comp>

<comp id="94" class="1001" name="const_94">
<pin_list>
<pin id="95" dir="1" index="0" bw="1" slack="2147483647"/>
</pin_list>
<bind>
<StgValue><ssdm name=""/></StgValue>
</bind>
</comp>

<comp id="96" class="1001" name="const_96">
<pin_list>
<pin id="97" dir="1" index="0" bw="1" slack="2147483647"/>
</pin_list>
<bind>
<StgValue><ssdm name="empty_0"/></StgValue>
</bind>
</comp>

<comp id="98" class="1001" name="const_98">
<pin_list>
<pin id="99" dir="1" index="0" bw="1" slack="2147483647"/>
</pin_list>
<bind>
<StgValue><ssdm name="_ssdm_op_SpecLoopName"/></StgValue>
</bind>
</comp>

<comp id="100" class="1001" name="const_100">
<pin_list>
<pin id="101" dir="1" index="0" bw="1" slack="2147483647"/>
</pin_list>
<bind>
<StgValue><ssdm name="empty_15"/></StgValue>
</bind>
</comp>

<comp id="102" class="1004" name="x_fu_102">
<pin_list>
<pin id="103" dir="0" index="0" bw="1" slack="0"/>
<pin id="104" dir="1" index="1" bw="64" slack="0"/>
</pin_list>
<bind>
<opcode="alloca(26) " fcode="alloca"/>
<opset="x/1 "/>
</bind>
</comp>

<comp id="106" class="1004" name="i_fu_106">
<pin_list>
<pin id="107" dir="0" index="0" bw="1" slack="0"/>
<pin id="108" dir="1" index="1" bw="4" slack="0"/>
</pin_list>
<bind>
<opcode="alloca(26) " fcode="alloca"/>
<opset="i/1 "/>
</bind>
</comp>

<comp id="110" class="1004" name="idx_read_read_fu_110">
<pin_list>
<pin id="111" dir="0" index="0" bw="4" slack="0"/>
<pin id="112" dir="0" index="1" bw="4" slack="0"/>
<pin id="113" dir="1" index="2" bw="4" slack="0"/>
</pin_list>
<bind>
<opcode="read(1150) " fcode="read"/>
<opset="idx_read/1 "/>
</bind>
</comp>

<comp id="116" class="1004" name="n_read_read_fu_116">
<pin_list>
<pin id="117" dir="0" index="0" bw="4" slack="0"/>
<pin id="118" dir="0" index="1" bw="4" slack="0"/>
<pin id="119" dir="1" index="2" bw="4" slack="0"/>
</pin_list>
<bind>
<opcode="read(1150) " fcode="read"/>
<opset="n_read/1 "/>
</bind>
</comp>

<comp id="122" class="1004" name="bytes_read_1_read_fu_122">
<pin_list>
<pin id="123" dir="0" index="0" bw="8" slack="0"/>
<pin id="124" dir="0" index="1" bw="8" slack="0"/>
<pin id="125" dir="1" index="2" bw="8" slack="0"/>
</pin_list>
<bind>
<opcode="read(1150) " fcode="read"/>
<opset="bytes_read_1/1 "/>
</bind>
</comp>

<comp id="128" class="1004" name="bytes_read_2_read_fu_128">
<pin_list>
<pin id="129" dir="0" index="0" bw="8" slack="0"/>
<pin id="130" dir="0" index="1" bw="8" slack="0"/>
<pin id="131" dir="1" index="2" bw="8" slack="0"/>
</pin_list>
<bind>
<opcode="read(1150) " fcode="read"/>
<opset="bytes_read_2/1 "/>
</bind>
</comp>

<comp id="134" class="1004" name="bytes_read_3_read_fu_134">
<pin_list>
<pin id="135" dir="0" index="0" bw="8" slack="0"/>
<pin id="136" dir="0" index="1" bw="8" slack="0"/>
<pin id="137" dir="1" index="2" bw="8" slack="0"/>
</pin_list>
<bind>
<opcode="read(1150) " fcode="read"/>
<opset="bytes_read_3/1 "/>
</bind>
</comp>

<comp id="140" class="1004" name="bytes_read_4_read_fu_140">
<pin_list>
<pin id="141" dir="0" index="0" bw="8" slack="0"/>
<pin id="142" dir="0" index="1" bw="8" slack="0"/>
<pin id="143" dir="1" index="2" bw="8" slack="0"/>
</pin_list>
<bind>
<opcode="read(1150) " fcode="read"/>
<opset="bytes_read_4/1 "/>
</bind>
</comp>

<comp id="146" class="1004" name="bytes_read_5_read_fu_146">
<pin_list>
<pin id="147" dir="0" index="0" bw="8" slack="0"/>
<pin id="148" dir="0" index="1" bw="8" slack="0"/>
<pin id="149" dir="1" index="2" bw="8" slack="0"/>
</pin_list>
<bind>
<opcode="read(1150) " fcode="read"/>
<opset="bytes_read_5/1 "/>
</bind>
</comp>

<comp id="152" class="1004" name="bytes_read_6_read_fu_152">
<pin_list>
<pin id="153" dir="0" index="0" bw="8" slack="0"/>
<pin id="154" dir="0" index="1" bw="8" slack="0"/>
<pin id="155" dir="1" index="2" bw="8" slack="0"/>
</pin_list>
<bind>
<opcode="read(1150) " fcode="read"/>
<opset="bytes_read_6/1 "/>
</bind>
</comp>

<comp id="158" class="1004" name="bytes_read_7_read_fu_158">
<pin_list>
<pin id="159" dir="0" index="0" bw="8" slack="0"/>
<pin id="160" dir="0" index="1" bw="8" slack="0"/>
<pin id="161" dir="1" index="2" bw="8" slack="0"/>
</pin_list>
<bind>
<opcode="read(1150) " fcode="read"/>
<opset="bytes_read_7/1 "/>
</bind>
</comp>

<comp id="164" class="1004" name="bytes_read_8_read_fu_164">
<pin_list>
<pin id="165" dir="0" index="0" bw="8" slack="0"/>
<pin id="166" dir="0" index="1" bw="8" slack="0"/>
<pin id="167" dir="1" index="2" bw="8" slack="0"/>
</pin_list>
<bind>
<opcode="read(1150) " fcode="read"/>
<opset="bytes_read_8/1 "/>
</bind>
</comp>

<comp id="170" class="1004" name="bytes_read_9_read_fu_170">
<pin_list>
<pin id="171" dir="0" index="0" bw="8" slack="0"/>
<pin id="172" dir="0" index="1" bw="8" slack="0"/>
<pin id="173" dir="1" index="2" bw="8" slack="0"/>
</pin_list>
<bind>
<opcode="read(1150) " fcode="read"/>
<opset="bytes_read_9/1 "/>
</bind>
</comp>

<comp id="176" class="1004" name="bytes_read_10_read_fu_176">
<pin_list>
<pin id="177" dir="0" index="0" bw="8" slack="0"/>
<pin id="178" dir="0" index="1" bw="8" slack="0"/>
<pin id="179" dir="1" index="2" bw="8" slack="0"/>
</pin_list>
<bind>
<opcode="read(1150) " fcode="read"/>
<opset="bytes_read_10/1 "/>
</bind>
</comp>

<comp id="182" class="1004" name="bytes_read_11_read_fu_182">
<pin_list>
<pin id="183" dir="0" index="0" bw="8" slack="0"/>
<pin id="184" dir="0" index="1" bw="8" slack="0"/>
<pin id="185" dir="1" index="2" bw="8" slack="0"/>
</pin_list>
<bind>
<opcode="read(1150) " fcode="read"/>
<opset="bytes_read_11/1 "/>
</bind>
</comp>

<comp id="188" class="1004" name="bytes_read_12_read_fu_188">
<pin_list>
<pin id="189" dir="0" index="0" bw="8" slack="0"/>
<pin id="190" dir="0" index="1" bw="8" slack="0"/>
<pin id="191" dir="1" index="2" bw="8" slack="0"/>
</pin_list>
<bind>
<opcode="read(1150) " fcode="read"/>
<opset="bytes_read_12/1 "/>
</bind>
</comp>

<comp id="194" class="1004" name="bytes_read_13_read_fu_194">
<pin_list>
<pin id="195" dir="0" index="0" bw="8" slack="0"/>
<pin id="196" dir="0" index="1" bw="8" slack="0"/>
<pin id="197" dir="1" index="2" bw="8" slack="0"/>
</pin_list>
<bind>
<opcode="read(1150) " fcode="read"/>
<opset="bytes_read_13/1 "/>
</bind>
</comp>

<comp id="200" class="1004" name="bytes_read_14_read_fu_200">
<pin_list>
<pin id="201" dir="0" index="0" bw="8" slack="0"/>
<pin id="202" dir="0" index="1" bw="8" slack="0"/>
<pin id="203" dir="1" index="2" bw="8" slack="0"/>
</pin_list>
<bind>
<opcode="read(1150) " fcode="read"/>
<opset="bytes_read_14/1 "/>
</bind>
</comp>

<comp id="206" class="1004" name="bytes_read_15_read_fu_206">
<pin_list>
<pin id="207" dir="0" index="0" bw="8" slack="0"/>
<pin id="208" dir="0" index="1" bw="8" slack="0"/>
<pin id="209" dir="1" index="2" bw="8" slack="0"/>
</pin_list>
<bind>
<opcode="read(1150) " fcode="read"/>
<opset="bytes_read_15/1 "/>
</bind>
</comp>

<comp id="212" class="1004" name="bytes_read_31_read_fu_212">
<pin_list>
<pin id="213" dir="0" index="0" bw="8" slack="0"/>
<pin id="214" dir="0" index="1" bw="8" slack="0"/>
<pin id="215" dir="1" index="2" bw="8" slack="0"/>
</pin_list>
<bind>
<opcode="read(1150) " fcode="read"/>
<opset="bytes_read_31/1 "/>
</bind>
</comp>

<comp id="218" class="1004" name="store_ln20_store_fu_218">
<pin_list>
<pin id="219" dir="0" index="0" bw="1" slack="0"/>
<pin id="220" dir="0" index="1" bw="4" slack="0"/>
<pin id="221" dir="1" index="2" bw="0" slack="2147483647"/>
</pin_list>
<bind>
<opcode="store(28) " fcode="store"/>
<opset="store_ln20/1 "/>
</bind>
</comp>

<comp id="223" class="1004" name="store_ln21_store_fu_223">
<pin_list>
<pin id="224" dir="0" index="0" bw="1" slack="0"/>
<pin id="225" dir="0" index="1" bw="64" slack="0"/>
<pin id="226" dir="1" index="2" bw="0" slack="2147483647"/>
</pin_list>
<bind>
<opcode="store(28) " fcode="store"/>
<opset="store_ln21/1 "/>
</bind>
</comp>

<comp id="228" class="1004" name="i_3_load_fu_228">
<pin_list>
<pin id="229" dir="0" index="0" bw="4" slack="0"/>
<pin id="230" dir="1" index="1" bw="4" slack="0"/>
</pin_list>
<bind>
<opcode="load(27) " fcode="load"/>
<opset="i_3/1 "/>
</bind>
</comp>

<comp id="231" class="1004" name="icmp_ln22_fu_231">
<pin_list>
<pin id="232" dir="0" index="0" bw="4" slack="0"/>
<pin id="233" dir="0" index="1" bw="4" slack="0"/>
<pin id="234" dir="1" index="2" bw="1" slack="2147483647"/>
</pin_list>
<bind>
<opcode="icmp(45) " fcode="icmp"/>
<opset="icmp_ln22/1 "/>
</bind>
</comp>

<comp id="237" class="1004" name="add_ln22_1_fu_237">
<pin_list>
<pin id="238" dir="0" index="0" bw="4" slack="0"/>
<pin id="239" dir="0" index="1" bw="1" slack="0"/>
<pin id="240" dir="1" index="2" bw="4" slack="0"/>
</pin_list>
<bind>
<opcode="add(8) " fcode="add"/>
<opset="add_ln22_1/1 "/>
</bind>
</comp>

<comp id="243" class="1004" name="trunc_ln22_fu_243">
<pin_list>
<pin id="244" dir="0" index="0" bw="4" slack="0"/>
<pin id="245" dir="1" index="1" bw="3" slack="0"/>
</pin_list>
<bind>
<opcode="trunc(33) " fcode="trunc"/>
<opset="trunc_ln22/1 "/>
</bind>
</comp>

<comp id="247" class="1004" name="zext_ln22_2_fu_247">
<pin_list>
<pin id="248" dir="0" index="0" bw="3" slack="0"/>
<pin id="249" dir="1" index="1" bw="4" slack="0"/>
</pin_list>
<bind>
<opcode="zext(34) " fcode="zext"/>
<opset="zext_ln22_2/1 "/>
</bind>
</comp>

<comp id="251" class="1004" name="add_ln22_fu_251">
<pin_list>
<pin id="252" dir="0" index="0" bw="3" slack="0"/>
<pin id="253" dir="0" index="1" bw="4" slack="0"/>
<pin id="254" dir="1" index="2" bw="4" slack="0"/>
</pin_list>
<bind>
<opcode="add(8) " fcode="add"/>
<opset="add_ln22/1 "/>
</bind>
</comp>

<comp id="257" class="1004" name="tmp_fu_257">
<pin_list>
<pin id="258" dir="0" index="0" bw="8" slack="0"/>
<pin id="259" dir="0" index="1" bw="1" slack="0"/>
<pin id="260" dir="0" index="2" bw="8" slack="0"/>
<pin id="261" dir="0" index="3" bw="1" slack="0"/>
<pin id="262" dir="0" index="4" bw="8" slack="0"/>
<pin id="263" dir="0" index="5" bw="3" slack="0"/>
<pin id="264" dir="0" index="6" bw="8" slack="0"/>
<pin id="265" dir="0" index="7" bw="3" slack="0"/>
<pin id="266" dir="0" index="8" bw="8" slack="0"/>
<pin id="267" dir="0" index="9" bw="4" slack="0"/>
<pin id="268" dir="0" index="10" bw="8" slack="0"/>
<pin id="269" dir="0" index="11" bw="4" slack="0"/>
<pin id="270" dir="0" index="12" bw="8" slack="0"/>
<pin id="271" dir="0" index="13" bw="4" slack="0"/>
<pin id="272" dir="0" index="14" bw="8" slack="0"/>
<pin id="273" dir="0" index="15" bw="4" slack="0"/>
<pin id="274" dir="0" index="16" bw="8" slack="0"/>
<pin id="275" dir="0" index="17" bw="4" slack="0"/>
<pin id="276" dir="0" index="18" bw="8" slack="0"/>
<pin id="277" dir="0" index="19" bw="4" slack="0"/>
<pin id="278" dir="0" index="20" bw="8" slack="0"/>
<pin id="279" dir="0" index="21" bw="4" slack="0"/>
<pin id="280" dir="0" index="22" bw="8" slack="0"/>
<pin id="281" dir="0" index="23" bw="4" slack="0"/>
<pin id="282" dir="0" index="24" bw="8" slack="0"/>
<pin id="283" dir="0" index="25" bw="3" slack="0"/>
<pin id="284" dir="0" index="26" bw="8" slack="0"/>
<pin id="285" dir="0" index="27" bw="3" slack="0"/>
<pin id="286" dir="0" index="28" bw="8" slack="0"/>
<pin id="287" dir="0" index="29" bw="2" slack="0"/>
<pin id="288" dir="0" index="30" bw="8" slack="0"/>
<pin id="289" dir="0" index="31" bw="1" slack="0"/>
<pin id="290" dir="0" index="32" bw="8" slack="0"/>
<pin id="291" dir="0" index="33" bw="1" slack="0"/>
<pin id="292" dir="0" index="34" bw="4" slack="0"/>
<pin id="293" dir="1" index="35" bw="8" slack="1"/>
</pin_list>
<bind>
<opcode="sparsemux(1197) " fcode="sparsemux"/>
<opset="tmp/1 "/>
</bind>
</comp>

<comp id="329" class="1004" name="shl_ln_fu_329">
<pin_list>
<pin id="330" dir="0" index="0" bw="6" slack="0"/>
<pin id="331" dir="0" index="1" bw="3" slack="0"/>
<pin id="332" dir="0" index="2" bw="1" slack="0"/>
<pin id="333" dir="1" index="3" bw="6" slack="0"/>
</pin_list>
<bind>
<opcode="bitconcatenate(1004) " fcode="bitconcatenate"/>
<opset="shl_ln/1 "/>
</bind>
</comp>

<comp id="337" class="1004" name="sub_ln22_fu_337">
<pin_list>
<pin id="338" dir="0" index="0" bw="4" slack="0"/>
<pin id="339" dir="0" index="1" bw="6" slack="0"/>
<pin id="340" dir="1" index="2" bw="6" slack="1"/>
</pin_list>
<bind>
<opcode="sub(10) " fcode="sub"/>
<opset="sub_ln22/1 "/>
</bind>
</comp>

<comp id="343" class="1004" name="store_ln20_store_fu_343">
<pin_list>
<pin id="344" dir="0" index="0" bw="4" slack="0"/>
<pin id="345" dir="0" index="1" bw="4" slack="0"/>
<pin id="346" dir="1" index="2" bw="0" slack="2147483647"/>
</pin_list>
<bind>
<opcode="store(28) " fcode="store"/>
<opset="store_ln20/1 "/>
</bind>
</comp>

<comp id="348" class="1004" name="x_load_load_fu_348">
<pin_list>
<pin id="349" dir="0" index="0" bw="64" slack="1"/>
<pin id="350" dir="1" index="1" bw="64" slack="0"/>
</pin_list>
<bind>
<opcode="load(27) " fcode="load"/>
<opset="x_load/2 "/>
</bind>
</comp>

<comp id="351" class="1004" name="zext_ln22_fu_351">
<pin_list>
<pin id="352" dir="0" index="0" bw="8" slack="1"/>
<pin id="353" dir="1" index="1" bw="64" slack="0"/>
</pin_list>
<bind>
<opcode="zext(34) " fcode="zext"/>
<opset="zext_ln22/2 "/>
</bind>
</comp>

<comp id="354" class="1004" name="zext_ln22_1_fu_354">
<pin_list>
<pin id="355" dir="0" index="0" bw="6" slack="1"/>
<pin id="356" dir="1" index="1" bw="64" slack="0"/>
</pin_list>
<bind>
<opcode="zext(34) " fcode="zext"/>
<opset="zext_ln22_1/2 "/>
</bind>
</comp>

<comp id="357" class="1004" name="shl_ln22_fu_357">
<pin_list>
<pin id="358" dir="0" index="0" bw="8" slack="0"/>
<pin id="359" dir="0" index="1" bw="6" slack="0"/>
<pin id="360" dir="1" index="2" bw="64" slack="0"/>
</pin_list>
<bind>
<opcode="shl(20) " fcode="shl"/>
<opset="shl_ln22/2 "/>
</bind>
</comp>

<comp id="363" class="1004" name="x_1_fu_363">
<pin_list>
<pin id="364" dir="0" index="0" bw="64" slack="0"/>
<pin id="365" dir="0" index="1" bw="64" slack="0"/>
<pin id="366" dir="1" index="2" bw="64" slack="0"/>
</pin_list>
<bind>
<opcode="or(24) " fcode="or"/>
<opset="x_1/2 "/>
</bind>
</comp>

<comp id="369" class="1004" name="store_ln21_store_fu_369">
<pin_list>
<pin id="370" dir="0" index="0" bw="64" slack="0"/>
<pin id="371" dir="0" index="1" bw="64" slack="1"/>
<pin id="372" dir="1" index="2" bw="0" slack="2147483647"/>
</pin_list>
<bind>
<opcode="store(28) " fcode="store"/>
<opset="store_ln21/2 "/>
</bind>
</comp>

<comp id="374" class="1004" name="x_load_1_load_fu_374">
<pin_list>
<pin id="375" dir="0" index="0" bw="64" slack="0"/>
<pin id="376" dir="1" index="1" bw="64" slack="2147483647"/>
</pin_list>
<bind>
<opcode="load(27) " fcode="load"/>
<opset="x_load_1/1 "/>
</bind>
</comp>

<comp id="377" class="1005" name="x_reg_377">
<pin_list>
<pin id="378" dir="0" index="0" bw="64" slack="0"/>
<pin id="379" dir="1" index="1" bw="64" slack="0"/>
</pin_list>
<bind>
<opset="x "/>
</bind>
</comp>

<comp id="385" class="1005" name="i_reg_385">
<pin_list>
<pin id="386" dir="0" index="0" bw="4" slack="0"/>
<pin id="387" dir="1" index="1" bw="4" slack="0"/>
</pin_list>
<bind>
<opset="i "/>
</bind>
</comp>

<comp id="395" class="1005" name="tmp_reg_395">
<pin_list>
<pin id="396" dir="0" index="0" bw="8" slack="1"/>
<pin id="397" dir="1" index="1" bw="8" slack="1"/>
</pin_list>
<bind>
<opset="tmp "/>
</bind>
</comp>

<comp id="400" class="1005" name="sub_ln22_reg_400">
<pin_list>
<pin id="401" dir="0" index="0" bw="6" slack="1"/>
<pin id="402" dir="1" index="1" bw="6" slack="1"/>
</pin_list>
<bind>
<opset="sub_ln22 "/>
</bind>
</comp>

</comp_list>

<net_list>
<net id="105"><net_src comp="36" pin="0"/><net_sink comp="102" pin=0"/></net>

<net id="109"><net_src comp="36" pin="0"/><net_sink comp="106" pin=0"/></net>

<net id="114"><net_src comp="38" pin="0"/><net_sink comp="110" pin=0"/></net>

<net id="115"><net_src comp="34" pin="0"/><net_sink comp="110" pin=1"/></net>

<net id="120"><net_src comp="38" pin="0"/><net_sink comp="116" pin=0"/></net>

<net id="121"><net_src comp="32" pin="0"/><net_sink comp="116" pin=1"/></net>

<net id="126"><net_src comp="40" pin="0"/><net_sink comp="122" pin=0"/></net>

<net id="127"><net_src comp="30" pin="0"/><net_sink comp="122" pin=1"/></net>

<net id="132"><net_src comp="40" pin="0"/><net_sink comp="128" pin=0"/></net>

<net id="133"><net_src comp="28" pin="0"/><net_sink comp="128" pin=1"/></net>

<net id="138"><net_src comp="40" pin="0"/><net_sink comp="134" pin=0"/></net>

<net id="139"><net_src comp="26" pin="0"/><net_sink comp="134" pin=1"/></net>

<net id="144"><net_src comp="40" pin="0"/><net_sink comp="140" pin=0"/></net>

<net id="145"><net_src comp="24" pin="0"/><net_sink comp="140" pin=1"/></net>

<net id="150"><net_src comp="40" pin="0"/><net_sink comp="146" pin=0"/></net>

<net id="151"><net_src comp="22" pin="0"/><net_sink comp="146" pin=1"/></net>

<net id="156"><net_src comp="40" pin="0"/><net_sink comp="152" pin=0"/></net>

<net id="157"><net_src comp="20" pin="0"/><net_sink comp="152" pin=1"/></net>

<net id="162"><net_src comp="40" pin="0"/><net_sink comp="158" pin=0"/></net>

<net id="163"><net_src comp="18" pin="0"/><net_sink comp="158" pin=1"/></net>

<net id="168"><net_src comp="40" pin="0"/><net_sink comp="164" pin=0"/></net>

<net id="169"><net_src comp="16" pin="0"/><net_sink comp="164" pin=1"/></net>

<net id="174"><net_src comp="40" pin="0"/><net_sink comp="170" pin=0"/></net>

<net id="175"><net_src comp="14" pin="0"/><net_sink comp="170" pin=1"/></net>

<net id="180"><net_src comp="40" pin="0"/><net_sink comp="176" pin=0"/></net>

<net id="181"><net_src comp="12" pin="0"/><net_sink comp="176" pin=1"/></net>

<net id="186"><net_src comp="40" pin="0"/><net_sink comp="182" pin=0"/></net>

<net id="187"><net_src comp="10" pin="0"/><net_sink comp="182" pin=1"/></net>

<net id="192"><net_src comp="40" pin="0"/><net_sink comp="188" pin=0"/></net>

<net id="193"><net_src comp="8" pin="0"/><net_sink comp="188" pin=1"/></net>

<net id="198"><net_src comp="40" pin="0"/><net_sink comp="194" pin=0"/></net>

<net id="199"><net_src comp="6" pin="0"/><net_sink comp="194" pin=1"/></net>

<net id="204"><net_src comp="40" pin="0"/><net_sink comp="200" pin=0"/></net>

<net id="205"><net_src comp="4" pin="0"/><net_sink comp="200" pin=1"/></net>

<net id="210"><net_src comp="40" pin="0"/><net_sink comp="206" pin=0"/></net>

<net id="211"><net_src comp="2" pin="0"/><net_sink comp="206" pin=1"/></net>

<net id="216"><net_src comp="40" pin="0"/><net_sink comp="212" pin=0"/></net>

<net id="217"><net_src comp="0" pin="0"/><net_sink comp="212" pin=1"/></net>

<net id="222"><net_src comp="42" pin="0"/><net_sink comp="218" pin=0"/></net>

<net id="227"><net_src comp="44" pin="0"/><net_sink comp="223" pin=0"/></net>

<net id="235"><net_src comp="228" pin="1"/><net_sink comp="231" pin=0"/></net>

<net id="236"><net_src comp="116" pin="2"/><net_sink comp="231" pin=1"/></net>

<net id="241"><net_src comp="228" pin="1"/><net_sink comp="237" pin=0"/></net>

<net id="242"><net_src comp="50" pin="0"/><net_sink comp="237" pin=1"/></net>

<net id="246"><net_src comp="228" pin="1"/><net_sink comp="243" pin=0"/></net>

<net id="250"><net_src comp="243" pin="1"/><net_sink comp="247" pin=0"/></net>

<net id="255"><net_src comp="247" pin="1"/><net_sink comp="251" pin=0"/></net>

<net id="256"><net_src comp="110" pin="2"/><net_sink comp="251" pin=1"/></net>

<net id="294"><net_src comp="52" pin="0"/><net_sink comp="257" pin=0"/></net>

<net id="295"><net_src comp="42" pin="0"/><net_sink comp="257" pin=1"/></net>

<net id="296"><net_src comp="212" pin="2"/><net_sink comp="257" pin=2"/></net>

<net id="297"><net_src comp="50" pin="0"/><net_sink comp="257" pin=3"/></net>

<net id="298"><net_src comp="206" pin="2"/><net_sink comp="257" pin=4"/></net>

<net id="299"><net_src comp="54" pin="0"/><net_sink comp="257" pin=5"/></net>

<net id="300"><net_src comp="200" pin="2"/><net_sink comp="257" pin=6"/></net>

<net id="301"><net_src comp="56" pin="0"/><net_sink comp="257" pin=7"/></net>

<net id="302"><net_src comp="194" pin="2"/><net_sink comp="257" pin=8"/></net>

<net id="303"><net_src comp="58" pin="0"/><net_sink comp="257" pin=9"/></net>

<net id="304"><net_src comp="188" pin="2"/><net_sink comp="257" pin=10"/></net>

<net id="305"><net_src comp="60" pin="0"/><net_sink comp="257" pin=11"/></net>

<net id="306"><net_src comp="182" pin="2"/><net_sink comp="257" pin=12"/></net>

<net id="307"><net_src comp="62" pin="0"/><net_sink comp="257" pin=13"/></net>

<net id="308"><net_src comp="176" pin="2"/><net_sink comp="257" pin=14"/></net>

<net id="309"><net_src comp="64" pin="0"/><net_sink comp="257" pin=15"/></net>

<net id="310"><net_src comp="170" pin="2"/><net_sink comp="257" pin=16"/></net>

<net id="311"><net_src comp="66" pin="0"/><net_sink comp="257" pin=17"/></net>

<net id="312"><net_src comp="164" pin="2"/><net_sink comp="257" pin=18"/></net>

<net id="313"><net_src comp="68" pin="0"/><net_sink comp="257" pin=19"/></net>

<net id="314"><net_src comp="158" pin="2"/><net_sink comp="257" pin=20"/></net>

<net id="315"><net_src comp="70" pin="0"/><net_sink comp="257" pin=21"/></net>

<net id="316"><net_src comp="152" pin="2"/><net_sink comp="257" pin=22"/></net>

<net id="317"><net_src comp="72" pin="0"/><net_sink comp="257" pin=23"/></net>

<net id="318"><net_src comp="146" pin="2"/><net_sink comp="257" pin=24"/></net>

<net id="319"><net_src comp="74" pin="0"/><net_sink comp="257" pin=25"/></net>

<net id="320"><net_src comp="140" pin="2"/><net_sink comp="257" pin=26"/></net>

<net id="321"><net_src comp="76" pin="0"/><net_sink comp="257" pin=27"/></net>

<net id="322"><net_src comp="134" pin="2"/><net_sink comp="257" pin=28"/></net>

<net id="323"><net_src comp="78" pin="0"/><net_sink comp="257" pin=29"/></net>

<net id="324"><net_src comp="128" pin="2"/><net_sink comp="257" pin=30"/></net>

<net id="325"><net_src comp="80" pin="0"/><net_sink comp="257" pin=31"/></net>

<net id="326"><net_src comp="122" pin="2"/><net_sink comp="257" pin=32"/></net>

<net id="327"><net_src comp="82" pin="0"/><net_sink comp="257" pin=33"/></net>

<net id="328"><net_src comp="251" pin="2"/><net_sink comp="257" pin=34"/></net>

<net id="334"><net_src comp="84" pin="0"/><net_sink comp="329" pin=0"/></net>

<net id="335"><net_src comp="243" pin="1"/><net_sink comp="329" pin=1"/></net>

<net id="336"><net_src comp="86" pin="0"/><net_sink comp="329" pin=2"/></net>

<net id="341"><net_src comp="88" pin="0"/><net_sink comp="337" pin=0"/></net>

<net id="342"><net_src comp="329" pin="3"/><net_sink comp="337" pin=1"/></net>

<net id="347"><net_src comp="237" pin="2"/><net_sink comp="343" pin=0"/></net>

<net id="361"><net_src comp="351" pin="1"/><net_sink comp="357" pin=0"/></net>

<net id="362"><net_src comp="354" pin="1"/><net_sink comp="357" pin=1"/></net>

<net id="367"><net_src comp="357" pin="2"/><net_sink comp="363" pin=0"/></net>

<net id="368"><net_src comp="348" pin="1"/><net_sink comp="363" pin=1"/></net>

<net id="373"><net_src comp="363" pin="2"/><net_sink comp="369" pin=0"/></net>

<net id="380"><net_src comp="102" pin="1"/><net_sink comp="377" pin=0"/></net>

<net id="381"><net_src comp="377" pin="1"/><net_sink comp="223" pin=1"/></net>

<net id="382"><net_src comp="377" pin="1"/><net_sink comp="348" pin=0"/></net>

<net id="383"><net_src comp="377" pin="1"/><net_sink comp="369" pin=1"/></net>

<net id="384"><net_src comp="377" pin="1"/><net_sink comp="374" pin=0"/></net>

<net id="388"><net_src comp="106" pin="1"/><net_sink comp="385" pin=0"/></net>

<net id="389"><net_src comp="385" pin="1"/><net_sink comp="218" pin=1"/></net>

<net id="390"><net_src comp="385" pin="1"/><net_sink comp="228" pin=0"/></net>

<net id="391"><net_src comp="385" pin="1"/><net_sink comp="343" pin=1"/></net>

<net id="398"><net_src comp="257" pin="35"/><net_sink comp="395" pin=0"/></net>

<net id="399"><net_src comp="395" pin="1"/><net_sink comp="351" pin=0"/></net>

<net id="403"><net_src comp="337" pin="2"/><net_sink comp="400" pin=0"/></net>

<net id="404"><net_src comp="400" pin="1"/><net_sink comp="354" pin=0"/></net>

</net_list>

</model> 
---------------- Datapath Model END ------------------

* FSMD analyzer results:
  - Output states:
 - Input state : 
	Port: LOADBYTES : bytes_read | {1 }
	Port: LOADBYTES : bytes_read_47 | {1 }
	Port: LOADBYTES : bytes_read_48 | {1 }
	Port: LOADBYTES : bytes_read_49 | {1 }
	Port: LOADBYTES : bytes_read_50 | {1 }
	Port: LOADBYTES : bytes_read_51 | {1 }
	Port: LOADBYTES : bytes_read_52 | {1 }
	Port: LOADBYTES : bytes_read_53 | {1 }
	Port: LOADBYTES : bytes_read_54 | {1 }
	Port: LOADBYTES : bytes_read_55 | {1 }
	Port: LOADBYTES : bytes_read_56 | {1 }
	Port: LOADBYTES : bytes_read_57 | {1 }
	Port: LOADBYTES : bytes_read_58 | {1 }
	Port: LOADBYTES : bytes_read_59 | {1 }
	Port: LOADBYTES : bytes_read_60 | {1 }
	Port: LOADBYTES : bytes_read_61 | {1 }
	Port: LOADBYTES : n | {1 }
	Port: LOADBYTES : idx | {1 }
  - Chain level:
	State 1
		store_ln20 : 1
		store_ln21 : 1
		i_3 : 1
		icmp_ln22 : 2
		add_ln22_1 : 2
		br_ln22 : 3
		trunc_ln22 : 2
		zext_ln22_2 : 3
		add_ln22 : 4
		tmp : 5
		shl_ln : 3
		sub_ln22 : 4
		store_ln20 : 3
		x_load_1 : 1
		ret_ln23 : 2
	State 2
		shl_ln22 : 1
		x_1 : 2
		store_ln21 : 2


============================================================
+ Verbose Summary: Datapath Resource usage 
============================================================

* Functional unit list:
|----------|---------------------------|---------|---------|
| Operation|      Functional Unit      |    FF   |   LUT   |
|----------|---------------------------|---------|---------|
| sparsemux|         tmp_fu_257        |    0    |    65   |
|----------|---------------------------|---------|---------|
|    or    |         x_1_fu_363        |    0    |    64   |
|----------|---------------------------|---------|---------|
|    add   |     add_ln22_1_fu_237     |    0    |    13   |
|          |      add_ln22_fu_251      |    0    |    13   |
|----------|---------------------------|---------|---------|
|    shl   |      shl_ln22_fu_357      |    0    |    17   |
|----------|---------------------------|---------|---------|
|    sub   |      sub_ln22_fu_337      |    0    |    14   |
|----------|---------------------------|---------|---------|
|   icmp   |      icmp_ln22_fu_231     |    0    |    13   |
|----------|---------------------------|---------|---------|
|          |    idx_read_read_fu_110   |    0    |    0    |
|          |     n_read_read_fu_116    |    0    |    0    |
|          |  bytes_read_1_read_fu_122 |    0    |    0    |
|          |  bytes_read_2_read_fu_128 |    0    |    0    |
|          |  bytes_read_3_read_fu_134 |    0    |    0    |
|          |  bytes_read_4_read_fu_140 |    0    |    0    |
|          |  bytes_read_5_read_fu_146 |    0    |    0    |
|          |  bytes_read_6_read_fu_152 |    0    |    0    |
|   read   |  bytes_read_7_read_fu_158 |    0    |    0    |
|          |  bytes_read_8_read_fu_164 |    0    |    0    |
|          |  bytes_read_9_read_fu_170 |    0    |    0    |
|          | bytes_read_10_read_fu_176 |    0    |    0    |
|          | bytes_read_11_read_fu_182 |    0    |    0    |
|          | bytes_read_12_read_fu_188 |    0    |    0    |
|          | bytes_read_13_read_fu_194 |    0    |    0    |
|          | bytes_read_14_read_fu_200 |    0    |    0    |
|          | bytes_read_15_read_fu_206 |    0    |    0    |
|          | bytes_read_31_read_fu_212 |    0    |    0    |
|----------|---------------------------|---------|---------|
|   trunc  |     trunc_ln22_fu_243     |    0    |    0    |
|----------|---------------------------|---------|---------|
|          |     zext_ln22_2_fu_247    |    0    |    0    |
|   zext   |      zext_ln22_fu_351     |    0    |    0    |
|          |     zext_ln22_1_fu_354    |    0    |    0    |
|----------|---------------------------|---------|---------|
|bitconcatenate|       shl_ln_fu_329       |    0    |    0    |
|----------|---------------------------|---------|---------|
|   Total  |                           |    0    |   199   |
|----------|---------------------------|---------|---------|

Memories:
N/A

* Register list:
+----------------+--------+
|                |   FF   |
+----------------+--------+
|    i_reg_385   |    4   |
|sub_ln22_reg_400|    6   |
|   tmp_reg_395  |    8   |
|    x_reg_377   |   64   |
+----------------+--------+
|      Total     |   82   |
+----------------+--------+

* Multiplexer (MUX) list: 
|--------|------|------|------|--------|
|  Comp  |  Pin | Size |  BW  | S x BW |
|--------|------|------|------|--------|
|  Total |      |      |      |    0   |
|--------|------|------|------|--------|



* Summary:
+-----------+--------+--------+
|           |   FF   |   LUT  |
+-----------+--------+--------+
|  Function |    0   |   199  |
|   Memory  |    -   |    -   |
|Multiplexer|    -   |    -   |
|  Register |   82   |    -   |
+-----------+--------+--------+
|   Total   |   82   |   199  |
+-----------+--------+--------+
